

================================================================
== Vivado HLS Report for 'conv2d'
================================================================
* Date:           Wed Dec 11 22:32:44 2024

* Version:        2018.1 (Build 2188600 on Wed Apr 04 19:04:02 MDT 2018)
* Project:        conv2d
* Solution:       solution8
* Product family: zynq
* Target device:  xc7z045ffg900-2


================================================================
== Performance Estimates
================================================================
+ Timing (ns): 
    * Summary: 
    +--------+-------+----------+------------+
    |  Clock | Target| Estimated| Uncertainty|
    +--------+-------+----------+------------+
    |ap_clk  |  10.00|     10.49|        1.25|
    +--------+-------+----------+------------+

+ Latency (clock cycles): 
    * Summary: 
    +-----+-----+-----+-----+---------+
    |  Latency  |  Interval | Pipeline|
    | min | max | min | max |   Type  |
    +-----+-----+-----+-----+---------+
    |   30|   30|   30|   30|   none  |
    +-----+-----+-----+-----+---------+

    + Detail: 
        * Instance: 
        N/A

        * Loop: 
        +----------+-----+-----+----------+-----------+-----------+------+----------+
        |          |  Latency  | Iteration|  Initiation Interval  | Trip |          |
        | Loop Name| min | max |  Latency |  achieved |   target  | Count| Pipelined|
        +----------+-----+-----+----------+-----------+-----------+------+----------+
        |- Row     |   28|   28|        13|          8|          1|     3|    yes   |
        +----------+-----+-----+----------+-----------+-----------+------+----------+

============================================================
+ Verbose Summary: Synthesis Manager
============================================================
InlineROM: 1
ExposeGlobal: 0
============================================================
+ Verbose Summary: CDFG Model
============================================================
IsTopModel: 1
ResetActiveHigh: 1
IsCombinational: 0
IsDatapathOnly: 0
HasWiredReturn: 1
HasMFsm: 0
HasVarLatency: 1
IsPipeline: 0
IsRtlPipelined: 0
IsInstanceOverlapped: 0
IsDontTouch: 0
HasImplIP: 0
IsGatedGlobalClock: 0

+ Individual pipeline summary: 
  * Pipeline-0: initiation interval (II) = 8, depth = 13


============================================================
+ Verbose Summary: Schedule
============================================================
* Number of FSM states : 15
* Pipeline : 1
  Pipeline-0 : II = 8, D = 13, States = { 2 3 4 5 6 7 8 9 10 11 12 13 14 }
* Dataflow Pipeline: 0

* FSM state transitions: 
1 --> 
	2  / true
2 --> 
	15  / (exitcond3)
	3  / (!exitcond3)
3 --> 
	4  / true
4 --> 
	5  / true
5 --> 
	6  / true
6 --> 
	7  / true
7 --> 
	8  / true
8 --> 
	9  / true
9 --> 
	10  / true
10 --> 
	11  / true
11 --> 
	12  / true
12 --> 
	13  / true
13 --> 
	14  / true
14 --> 
	2  / true
15 --> 

* FSM state operations: 

 <State 1> : 1.30ns
ST_1 : Operation 16 [1/1] (0.00ns)   --->   "call void (...)* @_ssdm_op_SpecBitsMap([3 x i8]* %b_2), !map !7"
ST_1 : Operation 17 [1/1] (0.00ns)   --->   "call void (...)* @_ssdm_op_SpecBitsMap([3 x i8]* %b_1), !map !14"
ST_1 : Operation 18 [1/1] (0.00ns)   --->   "call void (...)* @_ssdm_op_SpecBitsMap([3 x i8]* %b_0), !map !20"
ST_1 : Operation 19 [1/1] (0.00ns)   --->   "call void (...)* @_ssdm_op_SpecBitsMap([25 x i8]* %a), !map !26"
ST_1 : Operation 20 [1/1] (0.00ns)   --->   "call void (...)* @_ssdm_op_SpecBitsMap([9 x i16]* %res), !map !32"
ST_1 : Operation 21 [1/1] (0.00ns)   --->   "call void (...)* @_ssdm_op_SpecTopModule([7 x i8]* @conv2d_str) nounwind"
ST_1 : Operation 22 [1/1] (0.00ns)   --->   "%b_0_addr = getelementptr [3 x i8]* %b_0, i64 0, i64 0"
ST_1 : Operation 23 [1/1] (0.00ns)   --->   "%b_1_addr = getelementptr [3 x i8]* %b_1, i64 0, i64 0"
ST_1 : Operation 24 [1/1] (0.00ns)   --->   "%b_2_addr = getelementptr [3 x i8]* %b_2, i64 0, i64 0"
ST_1 : Operation 25 [1/1] (0.00ns)   --->   "%b_0_addr_1 = getelementptr [3 x i8]* %b_0, i64 0, i64 1"
ST_1 : Operation 26 [1/1] (0.00ns)   --->   "%b_1_addr_1 = getelementptr [3 x i8]* %b_1, i64 0, i64 1"
ST_1 : Operation 27 [1/1] (0.00ns)   --->   "%b_2_addr_1 = getelementptr [3 x i8]* %b_2, i64 0, i64 1"
ST_1 : Operation 28 [1/1] (0.00ns)   --->   "%b_0_addr_2 = getelementptr [3 x i8]* %b_0, i64 0, i64 2"
ST_1 : Operation 29 [1/1] (0.00ns)   --->   "%b_1_addr_2 = getelementptr [3 x i8]* %b_1, i64 0, i64 2"
ST_1 : Operation 30 [1/1] (0.00ns)   --->   "%b_2_addr_2 = getelementptr [3 x i8]* %b_2, i64 0, i64 2"
ST_1 : Operation 31 [1/1] (1.30ns)   --->   "br label %1" [conv2d.cpp:11]

 <State 2> : 4.84ns
ST_2 : Operation 32 [1/1] (0.00ns)   --->   "%i = phi i2 [ 0, %0 ], [ %i_1, %2 ]"
ST_2 : Operation 33 [1/1] (0.89ns)   --->   "%exitcond3 = icmp eq i2 %i, -1" [conv2d.cpp:11]   --->   Core 25 'Cmp' <Latency = 0> <II = 1> <Delay = 0.89> <FuncUnit> <Opcode : 'icmp'> <InPorts = 2> <OutPorts = 1>
ST_2 : Operation 34 [1/1] (0.00ns)   --->   "%empty = call i32 (...)* @_ssdm_op_SpecLoopTripCount(i64 3, i64 3, i64 3) nounwind"
ST_2 : Operation 35 [1/1] (1.27ns)   --->   "%i_1 = add i2 %i, 1" [conv2d.cpp:18]   --->   Core 14 'AddSub' <Latency = 0> <II = 1> <Delay = 1.72> <FuncUnit> <Opcode : 'add' 'sub'> <InPorts = 2> <OutPorts = 1>
ST_2 : Operation 36 [1/1] (0.00ns)   --->   "br i1 %exitcond3, label %3, label %2" [conv2d.cpp:11]
ST_2 : Operation 37 [1/1] (0.00ns)   --->   "%tmp_cast = zext i2 %i to i5" [conv2d.cpp:18]
ST_2 : Operation 38 [1/1] (0.00ns)   --->   "%tmp_1 = call i4 @_ssdm_op_BitConcatenate.i4.i2.i2(i2 %i, i2 0)" [conv2d.cpp:18]
ST_2 : Operation 39 [1/1] (0.00ns)   --->   "%p_shl3_cast = zext i4 %tmp_1 to i5" [conv2d.cpp:18]
ST_2 : Operation 40 [1/1] (1.52ns)   --->   "%tmp_3 = add i5 %tmp_cast, %p_shl3_cast" [conv2d.cpp:18]   --->   Core 14 'AddSub' <Latency = 0> <II = 1> <Delay = 1.72> <FuncUnit> <Opcode : 'add' 'sub'> <InPorts = 2> <OutPorts = 1>
ST_2 : Operation 41 [1/1] (0.00ns)   --->   "%tmp_3_cast = zext i5 %tmp_3 to i64" [conv2d.cpp:18]
ST_2 : Operation 42 [1/1] (0.00ns)   --->   "%a_addr = getelementptr [25 x i8]* %a, i64 0, i64 %tmp_3_cast" [conv2d.cpp:18]
ST_2 : Operation 43 [1/1] (1.56ns)   --->   "%tmp_4 = add i5 %tmp_3, 1" [conv2d.cpp:18]   --->   Core 14 'AddSub' <Latency = 0> <II = 1> <Delay = 1.72> <FuncUnit> <Opcode : 'add' 'sub'> <InPorts = 2> <OutPorts = 1>
ST_2 : Operation 44 [1/1] (0.00ns)   --->   "%tmp_4_cast = zext i5 %tmp_4 to i64" [conv2d.cpp:18]
ST_2 : Operation 45 [1/1] (0.00ns)   --->   "%a_addr_1 = getelementptr [25 x i8]* %a, i64 0, i64 %tmp_4_cast" [conv2d.cpp:18]
ST_2 : Operation 46 [1/1] (1.52ns)   --->   "%tmp_9 = sub i5 %p_shl3_cast, %tmp_cast" [conv2d.cpp:15]   --->   Core 14 'AddSub' <Latency = 0> <II = 1> <Delay = 1.72> <FuncUnit> <Opcode : 'add' 'sub'> <InPorts = 2> <OutPorts = 1>
ST_2 : Operation 47 [1/1] (0.00ns)   --->   "%tmp_1_cast = zext i2 %i to i3" [conv2d.cpp:15]
ST_2 : Operation 48 [2/2] (1.75ns)   --->   "%a_load = load i8* %a_addr, align 1" [conv2d.cpp:18]   --->   Core 37 'RAM' <Latency = 1> <II = 1> <Delay = 1.75> <Storage> <Opcode : 'load' 'store'> <Ports = 2> <Width = 16> <Depth = 9> <RAM>
ST_2 : Operation 49 [2/2] (1.75ns)   --->   "%b_0_load = load i8* %b_0_addr, align 1" [conv2d.cpp:18]   --->   Core 37 'RAM' <Latency = 1> <II = 1> <Delay = 1.75> <Storage> <Opcode : 'load' 'store'> <Ports = 2> <Width = 16> <Depth = 9> <RAM>
ST_2 : Operation 50 [2/2] (1.75ns)   --->   "%a_load_1 = load i8* %a_addr_1, align 1" [conv2d.cpp:18]   --->   Core 37 'RAM' <Latency = 1> <II = 1> <Delay = 1.75> <Storage> <Opcode : 'load' 'store'> <Ports = 2> <Width = 16> <Depth = 9> <RAM>
ST_2 : Operation 51 [2/2] (1.75ns)   --->   "%b_1_load = load i8* %b_1_addr, align 1" [conv2d.cpp:18]   --->   Core 37 'RAM' <Latency = 1> <II = 1> <Delay = 1.75> <Storage> <Opcode : 'load' 'store'> <Ports = 2> <Width = 16> <Depth = 9> <RAM>
ST_2 : Operation 52 [2/2] (1.75ns)   --->   "%b_2_load = load i8* %b_2_addr, align 1" [conv2d.cpp:18]   --->   Core 37 'RAM' <Latency = 1> <II = 1> <Delay = 1.75> <Storage> <Opcode : 'load' 'store'> <Ports = 2> <Width = 16> <Depth = 9> <RAM>
ST_2 : Operation 53 [2/2] (1.75ns)   --->   "%b_0_load_1 = load i8* %b_0_addr_1, align 1" [conv2d.cpp:18]   --->   Core 37 'RAM' <Latency = 1> <II = 1> <Delay = 1.75> <Storage> <Opcode : 'load' 'store'> <Ports = 2> <Width = 16> <Depth = 9> <RAM>
ST_2 : Operation 54 [2/2] (1.75ns)   --->   "%b_1_load_1 = load i8* %b_1_addr_1, align 1" [conv2d.cpp:18]   --->   Core 37 'RAM' <Latency = 1> <II = 1> <Delay = 1.75> <Storage> <Opcode : 'load' 'store'> <Ports = 2> <Width = 16> <Depth = 9> <RAM>
ST_2 : Operation 55 [2/2] (1.75ns)   --->   "%b_2_load_1 = load i8* %b_2_addr_1, align 1" [conv2d.cpp:18]   --->   Core 37 'RAM' <Latency = 1> <II = 1> <Delay = 1.75> <Storage> <Opcode : 'load' 'store'> <Ports = 2> <Width = 16> <Depth = 9> <RAM>
ST_2 : Operation 56 [1/1] (1.39ns)   --->   "%tmp_7_0_2 = add i3 %tmp_1_cast, 2" [conv2d.cpp:18]   --->   Core 14 'AddSub' <Latency = 0> <II = 1> <Delay = 1.72> <FuncUnit> <Opcode : 'add' 'sub'> <InPorts = 2> <OutPorts = 1>

 <State 3> : 8.10ns
ST_3 : Operation 57 [1/1] (1.56ns)   --->   "%tmp_5 = add i5 %tmp_3, 2" [conv2d.cpp:18]   --->   Core 14 'AddSub' <Latency = 0> <II = 1> <Delay = 1.72> <FuncUnit> <Opcode : 'add' 'sub'> <InPorts = 2> <OutPorts = 1>
ST_3 : Operation 58 [1/1] (0.00ns)   --->   "%tmp_5_cast = zext i5 %tmp_5 to i64" [conv2d.cpp:18]
ST_3 : Operation 59 [1/1] (0.00ns)   --->   "%a_addr_2 = getelementptr [25 x i8]* %a, i64 0, i64 %tmp_5_cast" [conv2d.cpp:18]
ST_3 : Operation 60 [1/2] (1.75ns)   --->   "%a_load = load i8* %a_addr, align 1" [conv2d.cpp:18]   --->   Core 37 'RAM' <Latency = 1> <II = 1> <Delay = 1.75> <Storage> <Opcode : 'load' 'store'> <Ports = 2> <Width = 16> <Depth = 9> <RAM>
ST_3 : Operation 61 [1/1] (0.00ns)   --->   "%tmp_s = sext i8 %a_load to i16" [conv2d.cpp:18]
ST_3 : Operation 62 [1/2] (1.75ns)   --->   "%b_0_load = load i8* %b_0_addr, align 1" [conv2d.cpp:18]   --->   Core 37 'RAM' <Latency = 1> <II = 1> <Delay = 1.75> <Storage> <Opcode : 'load' 'store'> <Ports = 2> <Width = 16> <Depth = 9> <RAM>
ST_3 : Operation 63 [1/1] (0.00ns)   --->   "%tmp_10 = sext i8 %b_0_load to i16" [conv2d.cpp:18]
ST_3 : Operation 64 [1/1] (3.61ns)   --->   "%tmp_12 = mul i16 %tmp_10, %tmp_s" [conv2d.cpp:18]   --->   Core 16 'Mul' <Latency = 0> <II = 1> <Delay = 3.61> <FuncUnit> <Opcode : 'mul'> <InPorts = 2> <OutPorts = 1>
ST_3 : Operation 65 [1/2] (1.75ns)   --->   "%a_load_1 = load i8* %a_addr_1, align 1" [conv2d.cpp:18]   --->   Core 37 'RAM' <Latency = 1> <II = 1> <Delay = 1.75> <Storage> <Opcode : 'load' 'store'> <Ports = 2> <Width = 16> <Depth = 9> <RAM>
ST_3 : Operation 66 [1/1] (0.00ns)   --->   "%tmp_10_0_0_1 = sext i8 %a_load_1 to i16" [conv2d.cpp:18]
ST_3 : Operation 67 [1/2] (1.75ns)   --->   "%b_1_load = load i8* %b_1_addr, align 1" [conv2d.cpp:18]   --->   Core 37 'RAM' <Latency = 1> <II = 1> <Delay = 1.75> <Storage> <Opcode : 'load' 'store'> <Ports = 2> <Width = 16> <Depth = 9> <RAM>
ST_3 : Operation 68 [1/1] (0.00ns)   --->   "%tmp_12_0_0_1 = sext i8 %b_1_load to i16" [conv2d.cpp:18]
ST_3 : Operation 69 [1/1] (2.82ns)   --->   "%tmp_13_0_0_1 = mul i16 %tmp_12_0_0_1, %tmp_10_0_0_1" [conv2d.cpp:18]   --->   Core 61 'DSP48' <Latency = 0> <II = 1> <Delay = 5.55> <IPBlock> <Opcode : 'mul' 'add' 'sub' 'select'> <InPorts = 0> <OutPorts = 1> <Sync> <CReg>
ST_3 : Operation 70 [2/2] (1.75ns)   --->   "%a_load_2 = load i8* %a_addr_2, align 1" [conv2d.cpp:18]   --->   Core 37 'RAM' <Latency = 1> <II = 1> <Delay = 1.75> <Storage> <Opcode : 'load' 'store'> <Ports = 2> <Width = 16> <Depth = 9> <RAM>
ST_3 : Operation 71 [1/2] (1.75ns)   --->   "%b_2_load = load i8* %b_2_addr, align 1" [conv2d.cpp:18]   --->   Core 37 'RAM' <Latency = 1> <II = 1> <Delay = 1.75> <Storage> <Opcode : 'load' 'store'> <Ports = 2> <Width = 16> <Depth = 9> <RAM>
ST_3 : Operation 72 [1/1] (0.00ns)   --->   "%tmp_8_0_1_cast = zext i2 %i_1 to i5" [conv2d.cpp:18]
ST_3 : Operation 73 [1/1] (0.00ns)   --->   "%tmp_13 = call i4 @_ssdm_op_BitConcatenate.i4.i2.i2(i2 %i_1, i2 0)" [conv2d.cpp:18]
ST_3 : Operation 74 [1/1] (0.00ns)   --->   "%p_shl1_cast = zext i4 %tmp_13 to i5" [conv2d.cpp:18]
ST_3 : Operation 75 [1/1] (1.52ns)   --->   "%tmp_14 = add i5 %tmp_8_0_1_cast, %p_shl1_cast" [conv2d.cpp:18]   --->   Core 14 'AddSub' <Latency = 0> <II = 1> <Delay = 1.72> <FuncUnit> <Opcode : 'add' 'sub'> <InPorts = 2> <OutPorts = 1>
ST_3 : Operation 76 [1/1] (0.00ns)   --->   "%tmp_16_cast = zext i5 %tmp_14 to i64" [conv2d.cpp:18]
ST_3 : Operation 77 [1/1] (0.00ns)   --->   "%a_addr_3 = getelementptr [25 x i8]* %a, i64 0, i64 %tmp_16_cast" [conv2d.cpp:18]
ST_3 : Operation 78 [2/2] (1.75ns)   --->   "%a_load_3 = load i8* %a_addr_3, align 1" [conv2d.cpp:18]   --->   Core 37 'RAM' <Latency = 1> <II = 1> <Delay = 1.75> <Storage> <Opcode : 'load' 'store'> <Ports = 2> <Width = 16> <Depth = 9> <RAM>
ST_3 : Operation 79 [1/2] (1.75ns)   --->   "%b_0_load_1 = load i8* %b_0_addr_1, align 1" [conv2d.cpp:18]   --->   Core 37 'RAM' <Latency = 1> <II = 1> <Delay = 1.75> <Storage> <Opcode : 'load' 'store'> <Ports = 2> <Width = 16> <Depth = 9> <RAM>
ST_3 : Operation 80 [1/2] (1.75ns)   --->   "%b_1_load_1 = load i8* %b_1_addr_1, align 1" [conv2d.cpp:18]   --->   Core 37 'RAM' <Latency = 1> <II = 1> <Delay = 1.75> <Storage> <Opcode : 'load' 'store'> <Ports = 2> <Width = 16> <Depth = 9> <RAM>
ST_3 : Operation 81 [1/2] (1.75ns)   --->   "%b_2_load_1 = load i8* %b_2_addr_1, align 1" [conv2d.cpp:18]   --->   Core 37 'RAM' <Latency = 1> <II = 1> <Delay = 1.75> <Storage> <Opcode : 'load' 'store'> <Ports = 2> <Width = 16> <Depth = 9> <RAM>
ST_3 : Operation 82 [2/2] (1.75ns)   --->   "%b_0_load_2 = load i8* %b_0_addr_2, align 1" [conv2d.cpp:18]   --->   Core 37 'RAM' <Latency = 1> <II = 1> <Delay = 1.75> <Storage> <Opcode : 'load' 'store'> <Ports = 2> <Width = 16> <Depth = 9> <RAM>
ST_3 : Operation 83 [2/2] (1.75ns)   --->   "%b_1_load_2 = load i8* %b_1_addr_2, align 1" [conv2d.cpp:18]   --->   Core 37 'RAM' <Latency = 1> <II = 1> <Delay = 1.75> <Storage> <Opcode : 'load' 'store'> <Ports = 2> <Width = 16> <Depth = 9> <RAM>
ST_3 : Operation 84 [2/2] (1.75ns)   --->   "%b_2_load_2 = load i8* %b_2_addr_2, align 1" [conv2d.cpp:18]   --->   Core 37 'RAM' <Latency = 1> <II = 1> <Delay = 1.75> <Storage> <Opcode : 'load' 'store'> <Ports = 2> <Width = 16> <Depth = 9> <RAM>
ST_3 : Operation 85 [1/1] (2.73ns)   --->   "%tmp2 = add i16 %tmp_12, %tmp_13_0_0_1" [conv2d.cpp:18]   --->   Core 61 'DSP48' <Latency = 0> <II = 1> <Delay = 5.55> <IPBlock> <Opcode : 'mul' 'add' 'sub' 'select'> <InPorts = 0> <OutPorts = 1> <Sync> <CReg>
ST_3 : Operation 86 [1/1] (3.61ns)   --->   "%tmp_13_1 = mul i16 %tmp_10, %tmp_10_0_0_1" [conv2d.cpp:18]   --->   Core 16 'Mul' <Latency = 0> <II = 1> <Delay = 3.61> <FuncUnit> <Opcode : 'mul'> <InPorts = 2> <OutPorts = 1>

 <State 4> : 8.10ns
ST_4 : Operation 87 [1/2] (1.75ns)   --->   "%a_load_2 = load i8* %a_addr_2, align 1" [conv2d.cpp:18]   --->   Core 37 'RAM' <Latency = 1> <II = 1> <Delay = 1.75> <Storage> <Opcode : 'load' 'store'> <Ports = 2> <Width = 16> <Depth = 9> <RAM>
ST_4 : Operation 88 [1/1] (0.00ns)   --->   "%tmp_10_0_0_2 = sext i8 %a_load_2 to i16" [conv2d.cpp:18]
ST_4 : Operation 89 [1/1] (0.00ns)   --->   "%tmp_12_0_0_2 = sext i8 %b_2_load to i16" [conv2d.cpp:18]
ST_4 : Operation 90 [1/1] (2.82ns)   --->   "%tmp_13_0_0_2 = mul i16 %tmp_12_0_0_2, %tmp_10_0_0_2" [conv2d.cpp:18]   --->   Core 61 'DSP48' <Latency = 0> <II = 1> <Delay = 5.55> <IPBlock> <Opcode : 'mul' 'add' 'sub' 'select'> <InPorts = 0> <OutPorts = 1> <Sync> <CReg>
ST_4 : Operation 91 [1/1] (1.56ns)   --->   "%tmp_15 = add i5 %tmp_14, 1" [conv2d.cpp:18]   --->   Core 14 'AddSub' <Latency = 0> <II = 1> <Delay = 1.72> <FuncUnit> <Opcode : 'add' 'sub'> <InPorts = 2> <OutPorts = 1>
ST_4 : Operation 92 [1/1] (0.00ns)   --->   "%tmp_17_cast = zext i5 %tmp_15 to i64" [conv2d.cpp:18]
ST_4 : Operation 93 [1/1] (0.00ns)   --->   "%a_addr_4 = getelementptr [25 x i8]* %a, i64 0, i64 %tmp_17_cast" [conv2d.cpp:18]
ST_4 : Operation 94 [1/1] (1.56ns)   --->   "%tmp_16 = add i5 %tmp_14, 2" [conv2d.cpp:18]   --->   Core 14 'AddSub' <Latency = 0> <II = 1> <Delay = 1.72> <FuncUnit> <Opcode : 'add' 'sub'> <InPorts = 2> <OutPorts = 1>
ST_4 : Operation 95 [1/1] (0.00ns)   --->   "%tmp_18_cast = zext i5 %tmp_16 to i64" [conv2d.cpp:18]
ST_4 : Operation 96 [1/1] (0.00ns)   --->   "%a_addr_5 = getelementptr [25 x i8]* %a, i64 0, i64 %tmp_18_cast" [conv2d.cpp:18]
ST_4 : Operation 97 [1/2] (1.75ns)   --->   "%a_load_3 = load i8* %a_addr_3, align 1" [conv2d.cpp:18]   --->   Core 37 'RAM' <Latency = 1> <II = 1> <Delay = 1.75> <Storage> <Opcode : 'load' 'store'> <Ports = 2> <Width = 16> <Depth = 9> <RAM>
ST_4 : Operation 98 [1/1] (0.00ns)   --->   "%tmp_10_0_1 = sext i8 %a_load_3 to i16" [conv2d.cpp:18]
ST_4 : Operation 99 [1/1] (0.00ns)   --->   "%tmp_12_0_1 = sext i8 %b_0_load_1 to i16" [conv2d.cpp:18]
ST_4 : Operation 100 [1/1] (3.61ns)   --->   "%tmp_13_0_1 = mul i16 %tmp_12_0_1, %tmp_10_0_1" [conv2d.cpp:18]   --->   Core 16 'Mul' <Latency = 0> <II = 1> <Delay = 3.61> <FuncUnit> <Opcode : 'mul'> <InPorts = 2> <OutPorts = 1>
ST_4 : Operation 101 [2/2] (1.75ns)   --->   "%a_load_4 = load i8* %a_addr_4, align 1" [conv2d.cpp:18]   --->   Core 37 'RAM' <Latency = 1> <II = 1> <Delay = 1.75> <Storage> <Opcode : 'load' 'store'> <Ports = 2> <Width = 16> <Depth = 9> <RAM>
ST_4 : Operation 102 [2/2] (1.75ns)   --->   "%a_load_5 = load i8* %a_addr_5, align 1" [conv2d.cpp:18]   --->   Core 37 'RAM' <Latency = 1> <II = 1> <Delay = 1.75> <Storage> <Opcode : 'load' 'store'> <Ports = 2> <Width = 16> <Depth = 9> <RAM>
ST_4 : Operation 103 [1/2] (1.75ns)   --->   "%b_0_load_2 = load i8* %b_0_addr_2, align 1" [conv2d.cpp:18]   --->   Core 37 'RAM' <Latency = 1> <II = 1> <Delay = 1.75> <Storage> <Opcode : 'load' 'store'> <Ports = 2> <Width = 16> <Depth = 9> <RAM>
ST_4 : Operation 104 [1/2] (1.75ns)   --->   "%b_1_load_2 = load i8* %b_1_addr_2, align 1" [conv2d.cpp:18]   --->   Core 37 'RAM' <Latency = 1> <II = 1> <Delay = 1.75> <Storage> <Opcode : 'load' 'store'> <Ports = 2> <Width = 16> <Depth = 9> <RAM>
ST_4 : Operation 105 [1/2] (1.75ns)   --->   "%b_2_load_2 = load i8* %b_2_addr_2, align 1" [conv2d.cpp:18]   --->   Core 37 'RAM' <Latency = 1> <II = 1> <Delay = 1.75> <Storage> <Opcode : 'load' 'store'> <Ports = 2> <Width = 16> <Depth = 9> <RAM>
ST_4 : Operation 106 [1/1] (2.73ns)   --->   "%tmp3 = add i16 %tmp_13_0_1, %tmp_13_0_0_2" [conv2d.cpp:18]   --->   Core 61 'DSP48' <Latency = 0> <II = 1> <Delay = 5.55> <IPBlock> <Opcode : 'mul' 'add' 'sub' 'select'> <InPorts = 0> <OutPorts = 1> <Sync> <CReg>
ST_4 : Operation 107 [1/1] (2.82ns)   --->   "%tmp_13_1_0_1 = mul i16 %tmp_12_0_0_1, %tmp_10_0_0_2" [conv2d.cpp:18]   --->   Core 61 'DSP48' <Latency = 0> <II = 1> <Delay = 5.55> <IPBlock> <Opcode : 'mul' 'add' 'sub' 'select'> <InPorts = 0> <OutPorts = 1> <Sync> <CReg>
ST_4 : Operation 108 [1/1] (2.73ns)   --->   "%tmp9 = add i16 %tmp_13_1, %tmp_13_1_0_1" [conv2d.cpp:18]   --->   Core 61 'DSP48' <Latency = 0> <II = 1> <Delay = 5.55> <IPBlock> <Opcode : 'mul' 'add' 'sub' 'select'> <InPorts = 0> <OutPorts = 1> <Sync> <CReg>
ST_4 : Operation 109 [1/1] (3.61ns)   --->   "%tmp_13_2 = mul i16 %tmp_10, %tmp_10_0_0_2" [conv2d.cpp:18]   --->   Core 16 'Mul' <Latency = 0> <II = 1> <Delay = 3.61> <FuncUnit> <Opcode : 'mul'> <InPorts = 2> <OutPorts = 1>

 <State 5> : 8.10ns
ST_5 : Operation 110 [1/2] (1.75ns)   --->   "%a_load_4 = load i8* %a_addr_4, align 1" [conv2d.cpp:18]   --->   Core 37 'RAM' <Latency = 1> <II = 1> <Delay = 1.75> <Storage> <Opcode : 'load' 'store'> <Ports = 2> <Width = 16> <Depth = 9> <RAM>
ST_5 : Operation 111 [1/1] (0.00ns)   --->   "%tmp_10_0_1_1 = sext i8 %a_load_4 to i16" [conv2d.cpp:18]
ST_5 : Operation 112 [1/1] (0.00ns)   --->   "%tmp_12_0_1_1 = sext i8 %b_1_load_1 to i16" [conv2d.cpp:18]
ST_5 : Operation 113 [1/1] (2.82ns)   --->   "%tmp_13_0_1_1 = mul i16 %tmp_12_0_1_1, %tmp_10_0_1_1" [conv2d.cpp:18]   --->   Core 61 'DSP48' <Latency = 0> <II = 1> <Delay = 5.55> <IPBlock> <Opcode : 'mul' 'add' 'sub' 'select'> <InPorts = 0> <OutPorts = 1> <Sync> <CReg>
ST_5 : Operation 114 [1/2] (1.75ns)   --->   "%a_load_5 = load i8* %a_addr_5, align 1" [conv2d.cpp:18]   --->   Core 37 'RAM' <Latency = 1> <II = 1> <Delay = 1.75> <Storage> <Opcode : 'load' 'store'> <Ports = 2> <Width = 16> <Depth = 9> <RAM>
ST_5 : Operation 115 [1/1] (0.00ns)   --->   "%tmp_10_0_1_2 = sext i8 %a_load_5 to i16" [conv2d.cpp:18]
ST_5 : Operation 116 [1/1] (0.00ns)   --->   "%tmp_12_0_1_2 = sext i8 %b_2_load_1 to i16" [conv2d.cpp:18]
ST_5 : Operation 117 [1/1] (3.61ns)   --->   "%tmp_13_0_1_2 = mul i16 %tmp_12_0_1_2, %tmp_10_0_1_2" [conv2d.cpp:18]   --->   Core 16 'Mul' <Latency = 0> <II = 1> <Delay = 3.61> <FuncUnit> <Opcode : 'mul'> <InPorts = 2> <OutPorts = 1>
ST_5 : Operation 118 [1/1] (0.00ns)   --->   "%tmp_8_0_2_cast = zext i3 %tmp_7_0_2 to i6" [conv2d.cpp:18]
ST_5 : Operation 119 [1/1] (0.00ns)   --->   "%tmp_19 = call i5 @_ssdm_op_BitConcatenate.i5.i3.i2(i3 %tmp_7_0_2, i2 0)" [conv2d.cpp:18]
ST_5 : Operation 120 [1/1] (0.00ns)   --->   "%p_shl_cast = zext i5 %tmp_19 to i6" [conv2d.cpp:18]
ST_5 : Operation 121 [1/1] (1.56ns)   --->   "%tmp_20 = add i6 %tmp_8_0_2_cast, %p_shl_cast" [conv2d.cpp:18]   --->   Core 14 'AddSub' <Latency = 0> <II = 1> <Delay = 1.72> <FuncUnit> <Opcode : 'add' 'sub'> <InPorts = 2> <OutPorts = 1>
ST_5 : Operation 122 [1/1] (0.00ns)   --->   "%tmp_22_cast = zext i6 %tmp_20 to i64" [conv2d.cpp:18]
ST_5 : Operation 123 [1/1] (0.00ns)   --->   "%a_addr_6 = getelementptr [25 x i8]* %a, i64 0, i64 %tmp_22_cast" [conv2d.cpp:18]
ST_5 : Operation 124 [1/1] (1.61ns)   --->   "%tmp_21 = add i6 %tmp_20, 1" [conv2d.cpp:18]   --->   Core 14 'AddSub' <Latency = 0> <II = 1> <Delay = 1.72> <FuncUnit> <Opcode : 'add' 'sub'> <InPorts = 2> <OutPorts = 1>
ST_5 : Operation 125 [1/1] (0.00ns)   --->   "%tmp_23_cast = zext i6 %tmp_21 to i64" [conv2d.cpp:18]
ST_5 : Operation 126 [1/1] (0.00ns)   --->   "%a_addr_7 = getelementptr [25 x i8]* %a, i64 0, i64 %tmp_23_cast" [conv2d.cpp:18]
ST_5 : Operation 127 [2/2] (1.75ns)   --->   "%a_load_6 = load i8* %a_addr_6, align 1" [conv2d.cpp:18]   --->   Core 37 'RAM' <Latency = 1> <II = 1> <Delay = 1.75> <Storage> <Opcode : 'load' 'store'> <Ports = 2> <Width = 16> <Depth = 9> <RAM>
ST_5 : Operation 128 [2/2] (1.75ns)   --->   "%a_load_7 = load i8* %a_addr_7, align 1" [conv2d.cpp:18]   --->   Core 37 'RAM' <Latency = 1> <II = 1> <Delay = 1.75> <Storage> <Opcode : 'load' 'store'> <Ports = 2> <Width = 16> <Depth = 9> <RAM>
ST_5 : Operation 129 [1/1] (1.72ns)   --->   "%tmp1 = add i16 %tmp2, %tmp3" [conv2d.cpp:18]   --->   Core 14 'AddSub' <Latency = 0> <II = 1> <Delay = 1.72> <FuncUnit> <Opcode : 'add' 'sub'> <InPorts = 2> <OutPorts = 1>
ST_5 : Operation 130 [1/1] (2.73ns)   --->   "%tmp5 = add i16 %tmp_13_0_1_2, %tmp_13_0_1_1" [conv2d.cpp:18]   --->   Core 61 'DSP48' <Latency = 0> <II = 1> <Delay = 5.55> <IPBlock> <Opcode : 'mul' 'add' 'sub' 'select'> <InPorts = 0> <OutPorts = 1> <Sync> <CReg>
ST_5 : Operation 131 [1/1] (3.61ns)   --->   "%tmp_13_1_1 = mul i16 %tmp_12_0_1, %tmp_10_0_1_1" [conv2d.cpp:18]   --->   Core 16 'Mul' <Latency = 0> <II = 1> <Delay = 3.61> <FuncUnit> <Opcode : 'mul'> <InPorts = 2> <OutPorts = 1>

 <State 6> : 3.61ns
ST_6 : Operation 132 [1/1] (1.56ns)   --->   "%tmp_6 = add i5 %tmp_3, 3" [conv2d.cpp:18]   --->   Core 14 'AddSub' <Latency = 0> <II = 1> <Delay = 1.72> <FuncUnit> <Opcode : 'add' 'sub'> <InPorts = 2> <OutPorts = 1>
ST_6 : Operation 133 [1/1] (0.00ns)   --->   "%tmp_6_cast = zext i5 %tmp_6 to i64" [conv2d.cpp:18]
ST_6 : Operation 134 [1/1] (0.00ns)   --->   "%a_addr_9 = getelementptr [25 x i8]* %a, i64 0, i64 %tmp_6_cast" [conv2d.cpp:18]
ST_6 : Operation 135 [1/1] (1.61ns)   --->   "%tmp_22 = add i6 %tmp_20, 2" [conv2d.cpp:18]   --->   Core 14 'AddSub' <Latency = 0> <II = 1> <Delay = 1.72> <FuncUnit> <Opcode : 'add' 'sub'> <InPorts = 2> <OutPorts = 1>
ST_6 : Operation 136 [1/1] (0.00ns)   --->   "%tmp_24_cast = sext i6 %tmp_22 to i64" [conv2d.cpp:18]
ST_6 : Operation 137 [1/1] (0.00ns)   --->   "%a_addr_8 = getelementptr [25 x i8]* %a, i64 0, i64 %tmp_24_cast" [conv2d.cpp:18]
ST_6 : Operation 138 [1/2] (1.75ns)   --->   "%a_load_6 = load i8* %a_addr_6, align 1" [conv2d.cpp:18]   --->   Core 37 'RAM' <Latency = 1> <II = 1> <Delay = 1.75> <Storage> <Opcode : 'load' 'store'> <Ports = 2> <Width = 16> <Depth = 9> <RAM>
ST_6 : Operation 139 [1/2] (1.75ns)   --->   "%a_load_7 = load i8* %a_addr_7, align 1" [conv2d.cpp:18]   --->   Core 37 'RAM' <Latency = 1> <II = 1> <Delay = 1.75> <Storage> <Opcode : 'load' 'store'> <Ports = 2> <Width = 16> <Depth = 9> <RAM>
ST_6 : Operation 140 [2/2] (1.75ns)   --->   "%a_load_8 = load i8* %a_addr_8, align 1" [conv2d.cpp:18]   --->   Core 37 'RAM' <Latency = 1> <II = 1> <Delay = 1.75> <Storage> <Opcode : 'load' 'store'> <Ports = 2> <Width = 16> <Depth = 9> <RAM>
ST_6 : Operation 141 [2/2] (1.75ns)   --->   "%a_load_9 = load i8* %a_addr_9, align 1" [conv2d.cpp:18]   --->   Core 37 'RAM' <Latency = 1> <II = 1> <Delay = 1.75> <Storage> <Opcode : 'load' 'store'> <Ports = 2> <Width = 16> <Depth = 9> <RAM>
ST_6 : Operation 142 [1/1] (3.61ns)   --->   "%tmp_13_2_1 = mul i16 %tmp_12_0_1, %tmp_10_0_1_2" [conv2d.cpp:18]   --->   Core 16 'Mul' <Latency = 0> <II = 1> <Delay = 3.61> <FuncUnit> <Opcode : 'mul'> <InPorts = 2> <OutPorts = 1>

 <State 7> : 8.10ns
ST_7 : Operation 143 [1/1] (1.56ns)   --->   "%tmp_17 = add i5 %tmp_14, 3" [conv2d.cpp:18]   --->   Core 14 'AddSub' <Latency = 0> <II = 1> <Delay = 1.72> <FuncUnit> <Opcode : 'add' 'sub'> <InPorts = 2> <OutPorts = 1>
ST_7 : Operation 144 [1/1] (0.00ns)   --->   "%tmp_19_cast = zext i5 %tmp_17 to i64" [conv2d.cpp:18]
ST_7 : Operation 145 [1/1] (0.00ns)   --->   "%a_addr_10 = getelementptr [25 x i8]* %a, i64 0, i64 %tmp_19_cast" [conv2d.cpp:18]
ST_7 : Operation 146 [1/1] (1.61ns)   --->   "%tmp_23 = add i6 %tmp_20, 3" [conv2d.cpp:18]   --->   Core 14 'AddSub' <Latency = 0> <II = 1> <Delay = 1.72> <FuncUnit> <Opcode : 'add' 'sub'> <InPorts = 2> <OutPorts = 1>
ST_7 : Operation 147 [1/1] (0.00ns)   --->   "%tmp_25_cast = sext i6 %tmp_23 to i64" [conv2d.cpp:18]
ST_7 : Operation 148 [1/1] (0.00ns)   --->   "%a_addr_11 = getelementptr [25 x i8]* %a, i64 0, i64 %tmp_25_cast" [conv2d.cpp:18]
ST_7 : Operation 149 [1/1] (0.00ns)   --->   "%tmp_10_0_2_1 = sext i8 %a_load_7 to i16" [conv2d.cpp:18]
ST_7 : Operation 150 [1/1] (0.00ns)   --->   "%tmp_12_0_2_1 = sext i8 %b_1_load_2 to i16" [conv2d.cpp:18]
ST_7 : Operation 151 [1/1] (2.82ns)   --->   "%tmp_13_0_2_1 = mul i16 %tmp_12_0_2_1, %tmp_10_0_2_1" [conv2d.cpp:18]   --->   Core 61 'DSP48' <Latency = 0> <II = 1> <Delay = 5.55> <IPBlock> <Opcode : 'mul' 'add' 'sub' 'select'> <InPorts = 0> <OutPorts = 1> <Sync> <CReg>
ST_7 : Operation 152 [1/2] (1.75ns)   --->   "%a_load_8 = load i8* %a_addr_8, align 1" [conv2d.cpp:18]   --->   Core 37 'RAM' <Latency = 1> <II = 1> <Delay = 1.75> <Storage> <Opcode : 'load' 'store'> <Ports = 2> <Width = 16> <Depth = 9> <RAM>
ST_7 : Operation 153 [1/1] (0.00ns)   --->   "%tmp_10_0_2_2 = sext i8 %a_load_8 to i16" [conv2d.cpp:18]
ST_7 : Operation 154 [1/1] (0.00ns)   --->   "%tmp_12_0_2_2 = sext i8 %b_2_load_2 to i16" [conv2d.cpp:18]
ST_7 : Operation 155 [1/1] (3.61ns)   --->   "%tmp_13_0_2_2 = mul i16 %tmp_12_0_2_2, %tmp_10_0_2_2" [conv2d.cpp:18]   --->   Core 16 'Mul' <Latency = 0> <II = 1> <Delay = 3.61> <FuncUnit> <Opcode : 'mul'> <InPorts = 2> <OutPorts = 1>
ST_7 : Operation 156 [1/1] (2.73ns)   --->   "%tmp7 = add i16 %tmp_13_0_2_2, %tmp_13_0_2_1" [conv2d.cpp:18]   --->   Core 61 'DSP48' <Latency = 0> <II = 1> <Delay = 5.55> <IPBlock> <Opcode : 'mul' 'add' 'sub' 'select'> <InPorts = 0> <OutPorts = 1> <Sync> <CReg>
ST_7 : Operation 157 [1/2] (1.75ns)   --->   "%a_load_9 = load i8* %a_addr_9, align 1" [conv2d.cpp:18]   --->   Core 37 'RAM' <Latency = 1> <II = 1> <Delay = 1.75> <Storage> <Opcode : 'load' 'store'> <Ports = 2> <Width = 16> <Depth = 9> <RAM>
ST_7 : Operation 158 [1/1] (0.00ns)   --->   "%tmp_10_1_0_2 = sext i8 %a_load_9 to i16" [conv2d.cpp:18]
ST_7 : Operation 159 [1/1] (2.82ns)   --->   "%tmp_13_1_0_2 = mul i16 %tmp_12_0_0_2, %tmp_10_1_0_2" [conv2d.cpp:18]   --->   Core 61 'DSP48' <Latency = 0> <II = 1> <Delay = 5.55> <IPBlock> <Opcode : 'mul' 'add' 'sub' 'select'> <InPorts = 0> <OutPorts = 1> <Sync> <CReg>
ST_7 : Operation 160 [2/2] (1.75ns)   --->   "%a_load_10 = load i8* %a_addr_10, align 1" [conv2d.cpp:18]   --->   Core 37 'RAM' <Latency = 1> <II = 1> <Delay = 1.75> <Storage> <Opcode : 'load' 'store'> <Ports = 2> <Width = 16> <Depth = 9> <RAM>
ST_7 : Operation 161 [2/2] (1.75ns)   --->   "%a_load_11 = load i8* %a_addr_11, align 1" [conv2d.cpp:18]   --->   Core 37 'RAM' <Latency = 1> <II = 1> <Delay = 1.75> <Storage> <Opcode : 'load' 'store'> <Ports = 2> <Width = 16> <Depth = 9> <RAM>
ST_7 : Operation 162 [1/1] (2.73ns)   --->   "%tmp = add i16 %tmp_13_1_1, %tmp_13_1_0_2" [conv2d.cpp:18]   --->   Core 61 'DSP48' <Latency = 0> <II = 1> <Delay = 5.55> <IPBlock> <Opcode : 'mul' 'add' 'sub' 'select'> <InPorts = 0> <OutPorts = 1> <Sync> <CReg>

 <State 8> : 8.10ns
ST_8 : Operation 163 [1/1] (1.56ns)   --->   "%tmp_7 = add i5 %tmp_3, 4" [conv2d.cpp:18]   --->   Core 14 'AddSub' <Latency = 0> <II = 1> <Delay = 1.72> <FuncUnit> <Opcode : 'add' 'sub'> <InPorts = 2> <OutPorts = 1>
ST_8 : Operation 164 [1/1] (0.00ns)   --->   "%tmp_7_cast = zext i5 %tmp_7 to i64" [conv2d.cpp:18]
ST_8 : Operation 165 [1/1] (0.00ns)   --->   "%a_addr_12 = getelementptr [25 x i8]* %a, i64 0, i64 %tmp_7_cast" [conv2d.cpp:18]
ST_8 : Operation 166 [1/1] (1.56ns)   --->   "%tmp_18 = add i5 %tmp_14, 4" [conv2d.cpp:18]   --->   Core 14 'AddSub' <Latency = 0> <II = 1> <Delay = 1.72> <FuncUnit> <Opcode : 'add' 'sub'> <InPorts = 2> <OutPorts = 1>
ST_8 : Operation 167 [1/1] (0.00ns)   --->   "%tmp_20_cast = zext i5 %tmp_18 to i64" [conv2d.cpp:18]
ST_8 : Operation 168 [1/1] (0.00ns)   --->   "%a_addr_13 = getelementptr [25 x i8]* %a, i64 0, i64 %tmp_20_cast" [conv2d.cpp:18]
ST_8 : Operation 169 [1/2] (1.75ns)   --->   "%a_load_10 = load i8* %a_addr_10, align 1" [conv2d.cpp:18]   --->   Core 37 'RAM' <Latency = 1> <II = 1> <Delay = 1.75> <Storage> <Opcode : 'load' 'store'> <Ports = 2> <Width = 16> <Depth = 9> <RAM>
ST_8 : Operation 170 [1/1] (0.00ns)   --->   "%tmp_10_1_1_2 = sext i8 %a_load_10 to i16" [conv2d.cpp:18]
ST_8 : Operation 171 [1/1] (3.61ns)   --->   "%tmp_13_1_1_2 = mul i16 %tmp_12_0_1_2, %tmp_10_1_1_2" [conv2d.cpp:18]   --->   Core 16 'Mul' <Latency = 0> <II = 1> <Delay = 3.61> <FuncUnit> <Opcode : 'mul'> <InPorts = 2> <OutPorts = 1>
ST_8 : Operation 172 [1/1] (2.82ns)   --->   "%tmp_13_1_2_1 = mul i16 %tmp_12_0_2_1, %tmp_10_0_2_2" [conv2d.cpp:18]   --->   Core 61 'DSP48' <Latency = 0> <II = 1> <Delay = 5.55> <IPBlock> <Opcode : 'mul' 'add' 'sub' 'select'> <InPorts = 0> <OutPorts = 1> <Sync> <CReg>
ST_8 : Operation 173 [1/2] (1.75ns)   --->   "%a_load_11 = load i8* %a_addr_11, align 1" [conv2d.cpp:18]   --->   Core 37 'RAM' <Latency = 1> <II = 1> <Delay = 1.75> <Storage> <Opcode : 'load' 'store'> <Ports = 2> <Width = 16> <Depth = 9> <RAM>
ST_8 : Operation 174 [1/1] (0.00ns)   --->   "%tmp_10_1_2_2 = sext i8 %a_load_11 to i16" [conv2d.cpp:18]
ST_8 : Operation 175 [1/1] (3.61ns)   --->   "%tmp_13_1_2_2 = mul i16 %tmp_12_0_2_2, %tmp_10_1_2_2" [conv2d.cpp:18]   --->   Core 16 'Mul' <Latency = 0> <II = 1> <Delay = 3.61> <FuncUnit> <Opcode : 'mul'> <InPorts = 2> <OutPorts = 1>
ST_8 : Operation 176 [1/1] (1.72ns)   --->   "%tmp8 = add i16 %tmp9, %tmp" [conv2d.cpp:18]   --->   Core 14 'AddSub' <Latency = 0> <II = 1> <Delay = 1.72> <FuncUnit> <Opcode : 'add' 'sub'> <InPorts = 2> <OutPorts = 1>
ST_8 : Operation 177 [1/1] (2.73ns)   --->   "%tmp12 = add i16 %tmp_13_1_2_2, %tmp_13_1_2_1" [conv2d.cpp:18]   --->   Core 61 'DSP48' <Latency = 0> <II = 1> <Delay = 5.55> <IPBlock> <Opcode : 'mul' 'add' 'sub' 'select'> <InPorts = 0> <OutPorts = 1> <Sync> <CReg>
ST_8 : Operation 178 [1/1] (2.82ns)   --->   "%tmp_13_2_0_1 = mul i16 %tmp_12_0_0_1, %tmp_10_1_0_2" [conv2d.cpp:18]   --->   Core 61 'DSP48' <Latency = 0> <II = 1> <Delay = 5.55> <IPBlock> <Opcode : 'mul' 'add' 'sub' 'select'> <InPorts = 0> <OutPorts = 1> <Sync> <CReg>
ST_8 : Operation 179 [2/2] (1.75ns)   --->   "%a_load_12 = load i8* %a_addr_12, align 1" [conv2d.cpp:18]   --->   Core 37 'RAM' <Latency = 1> <II = 1> <Delay = 1.75> <Storage> <Opcode : 'load' 'store'> <Ports = 2> <Width = 16> <Depth = 9> <RAM>
ST_8 : Operation 180 [2/2] (1.75ns)   --->   "%a_load_13 = load i8* %a_addr_13, align 1" [conv2d.cpp:18]   --->   Core 37 'RAM' <Latency = 1> <II = 1> <Delay = 1.75> <Storage> <Opcode : 'load' 'store'> <Ports = 2> <Width = 16> <Depth = 9> <RAM>
ST_8 : Operation 181 [1/1] (2.73ns)   --->   "%tmp14 = add i16 %tmp_13_2, %tmp_13_2_0_1" [conv2d.cpp:18]   --->   Core 61 'DSP48' <Latency = 0> <II = 1> <Delay = 5.55> <IPBlock> <Opcode : 'mul' 'add' 'sub' 'select'> <InPorts = 0> <OutPorts = 1> <Sync> <CReg>

 <State 9> : 7.30ns
ST_9 : Operation 182 [1/1] (1.61ns)   --->   "%tmp_24 = add i6 %tmp_20, 4" [conv2d.cpp:18]   --->   Core 14 'AddSub' <Latency = 0> <II = 1> <Delay = 1.72> <FuncUnit> <Opcode : 'add' 'sub'> <InPorts = 2> <OutPorts = 1>
ST_9 : Operation 183 [1/1] (0.00ns)   --->   "%tmp_26_cast = sext i6 %tmp_24 to i64" [conv2d.cpp:18]
ST_9 : Operation 184 [1/1] (0.00ns)   --->   "%a_addr_14 = getelementptr [25 x i8]* %a, i64 0, i64 %tmp_26_cast" [conv2d.cpp:18]
ST_9 : Operation 185 [1/1] (2.82ns)   --->   "%tmp_13_1_1_1 = mul i16 %tmp_12_0_1_1, %tmp_10_0_1_2" [conv2d.cpp:18]   --->   Core 61 'DSP48' <Latency = 0> <II = 1> <Delay = 5.55> <IPBlock> <Opcode : 'mul' 'add' 'sub' 'select'> <InPorts = 0> <OutPorts = 1> <Sync> <CReg>
ST_9 : Operation 186 [1/1] (2.73ns)   --->   "%tmp10 = add i16 %tmp_13_1_1_2, %tmp_13_1_1_1" [conv2d.cpp:18]   --->   Core 61 'DSP48' <Latency = 0> <II = 1> <Delay = 5.55> <IPBlock> <Opcode : 'mul' 'add' 'sub' 'select'> <InPorts = 0> <OutPorts = 1> <Sync> <CReg>
ST_9 : Operation 187 [1/2] (1.75ns)   --->   "%a_load_12 = load i8* %a_addr_12, align 1" [conv2d.cpp:18]   --->   Core 37 'RAM' <Latency = 1> <II = 1> <Delay = 1.75> <Storage> <Opcode : 'load' 'store'> <Ports = 2> <Width = 16> <Depth = 9> <RAM>
ST_9 : Operation 188 [1/1] (0.00ns)   --->   "%tmp_10_2_0_2 = sext i8 %a_load_12 to i16" [conv2d.cpp:18]
ST_9 : Operation 189 [1/1] (2.82ns)   --->   "%tmp_13_2_0_2 = mul i16 %tmp_12_0_0_2, %tmp_10_2_0_2" [conv2d.cpp:18]   --->   Core 61 'DSP48' <Latency = 0> <II = 1> <Delay = 5.55> <IPBlock> <Opcode : 'mul' 'add' 'sub' 'select'> <InPorts = 0> <OutPorts = 1> <Sync> <CReg>
ST_9 : Operation 190 [1/2] (1.75ns)   --->   "%a_load_13 = load i8* %a_addr_13, align 1" [conv2d.cpp:18]   --->   Core 37 'RAM' <Latency = 1> <II = 1> <Delay = 1.75> <Storage> <Opcode : 'load' 'store'> <Ports = 2> <Width = 16> <Depth = 9> <RAM>
ST_9 : Operation 191 [1/1] (0.00ns)   --->   "%tmp_10_2_1_2 = sext i8 %a_load_13 to i16" [conv2d.cpp:18]
ST_9 : Operation 192 [1/1] (3.61ns)   --->   "%tmp_13_2_1_2 = mul i16 %tmp_12_0_1_2, %tmp_10_2_1_2" [conv2d.cpp:18]   --->   Core 16 'Mul' <Latency = 0> <II = 1> <Delay = 3.61> <FuncUnit> <Opcode : 'mul'> <InPorts = 2> <OutPorts = 1>
ST_9 : Operation 193 [2/2] (1.75ns)   --->   "%a_load_14 = load i8* %a_addr_14, align 1" [conv2d.cpp:18]   --->   Core 37 'RAM' <Latency = 1> <II = 1> <Delay = 1.75> <Storage> <Opcode : 'load' 'store'> <Ports = 2> <Width = 16> <Depth = 9> <RAM>
ST_9 : Operation 194 [1/1] (2.73ns)   --->   "%tmp16 = add i16 %tmp_13_2_1, %tmp_13_2_0_2" [conv2d.cpp:18]   --->   Core 61 'DSP48' <Latency = 0> <II = 1> <Delay = 5.55> <IPBlock> <Opcode : 'mul' 'add' 'sub' 'select'> <InPorts = 0> <OutPorts = 1> <Sync> <CReg>

 <State 10> : 8.10ns
ST_10 : Operation 195 [1/1] (2.82ns)   --->   "%tmp_13_2_1_1 = mul i16 %tmp_12_0_1_1, %tmp_10_1_1_2" [conv2d.cpp:18]   --->   Core 61 'DSP48' <Latency = 0> <II = 1> <Delay = 5.55> <IPBlock> <Opcode : 'mul' 'add' 'sub' 'select'> <InPorts = 0> <OutPorts = 1> <Sync> <CReg>
ST_10 : Operation 196 [1/1] (2.82ns)   --->   "%tmp_13_2_2_1 = mul i16 %tmp_12_0_2_1, %tmp_10_1_2_2" [conv2d.cpp:18]   --->   Core 61 'DSP48' <Latency = 0> <II = 1> <Delay = 5.55> <IPBlock> <Opcode : 'mul' 'add' 'sub' 'select'> <InPorts = 0> <OutPorts = 1> <Sync> <CReg>
ST_10 : Operation 197 [1/2] (1.75ns)   --->   "%a_load_14 = load i8* %a_addr_14, align 1" [conv2d.cpp:18]   --->   Core 37 'RAM' <Latency = 1> <II = 1> <Delay = 1.75> <Storage> <Opcode : 'load' 'store'> <Ports = 2> <Width = 16> <Depth = 9> <RAM>
ST_10 : Operation 198 [1/1] (0.00ns)   --->   "%tmp_10_2_2_2 = sext i8 %a_load_14 to i16" [conv2d.cpp:18]
ST_10 : Operation 199 [1/1] (3.61ns)   --->   "%tmp_13_2_2_2 = mul i16 %tmp_12_0_2_2, %tmp_10_2_2_2" [conv2d.cpp:18]   --->   Core 16 'Mul' <Latency = 0> <II = 1> <Delay = 3.61> <FuncUnit> <Opcode : 'mul'> <InPorts = 2> <OutPorts = 1>
ST_10 : Operation 200 [1/1] (1.72ns)   --->   "%tmp15 = add i16 %tmp14, %tmp16" [conv2d.cpp:18]   --->   Core 14 'AddSub' <Latency = 0> <II = 1> <Delay = 1.72> <FuncUnit> <Opcode : 'add' 'sub'> <InPorts = 2> <OutPorts = 1>
ST_10 : Operation 201 [1/1] (2.73ns)   --->   "%tmp17 = add i16 %tmp_13_2_1_2, %tmp_13_2_1_1" [conv2d.cpp:18]   --->   Core 61 'DSP48' <Latency = 0> <II = 1> <Delay = 5.55> <IPBlock> <Opcode : 'mul' 'add' 'sub' 'select'> <InPorts = 0> <OutPorts = 1> <Sync> <CReg>
ST_10 : Operation 202 [1/1] (2.73ns)   --->   "%tmp19 = add i16 %tmp_13_2_2_2, %tmp_13_2_2_1" [conv2d.cpp:18]   --->   Core 61 'DSP48' <Latency = 0> <II = 1> <Delay = 5.55> <IPBlock> <Opcode : 'mul' 'add' 'sub' 'select'> <InPorts = 0> <OutPorts = 1> <Sync> <CReg>

 <State 11> : 10.49ns
ST_11 : Operation 203 [1/1] (0.00ns)   --->   "%tmp_9_cast = sext i5 %tmp_9 to i64" [conv2d.cpp:15]
ST_11 : Operation 204 [1/1] (0.00ns)   --->   "%res_addr = getelementptr [9 x i16]* %res, i64 0, i64 %tmp_9_cast" [conv2d.cpp:15]
ST_11 : Operation 205 [1/1] (0.00ns)   --->   "%tmp_10_0_2 = sext i8 %a_load_6 to i16" [conv2d.cpp:18]
ST_11 : Operation 206 [1/1] (0.00ns)   --->   "%tmp_12_0_2 = sext i8 %b_0_load_2 to i16" [conv2d.cpp:18]
ST_11 : Operation 207 [1/1] (2.82ns)   --->   "%tmp_13_0_2 = mul i16 %tmp_12_0_2, %tmp_10_0_2" [conv2d.cpp:18]   --->   Core 61 'DSP48' <Latency = 0> <II = 1> <Delay = 5.55> <IPBlock> <Opcode : 'mul' 'add' 'sub' 'select'> <InPorts = 0> <OutPorts = 1> <Sync> <CReg>
ST_11 : Operation 208 [1/1] (2.73ns)   --->   "%tmp6 = add i16 %tmp_13_0_2, %tmp7" [conv2d.cpp:18]   --->   Core 61 'DSP48' <Latency = 0> <II = 1> <Delay = 5.55> <IPBlock> <Opcode : 'mul' 'add' 'sub' 'select'> <InPorts = 0> <OutPorts = 1> <Sync> <CReg>
ST_11 : Operation 209 [1/1] (0.00ns) (grouped into TernaryAdder)   --->   "%tmp4 = add i16 %tmp5, %tmp6" [conv2d.cpp:18]   --->   Core 80 'TAddSub' <Latency = 0> <II = 1> <Delay = 1.59> <IPBlock> <Opcode : 'add' 'sub'> <InPorts = 3> <OutPorts = 1> <Sync> <CReg>
ST_11 : Operation 210 [1/1] (3.18ns) (root node of TernaryAdder)   --->   "%tmp_14_0_2_2 = add i16 %tmp1, %tmp4" [conv2d.cpp:18]   --->   Core 80 'TAddSub' <Latency = 0> <II = 1> <Delay = 1.59> <IPBlock> <Opcode : 'add' 'sub'> <InPorts = 3> <OutPorts = 1> <Sync> <CReg>
ST_11 : Operation 211 [1/1] (1.75ns)   --->   "store i16 %tmp_14_0_2_2, i16* %res_addr, align 2" [conv2d.cpp:18]   --->   Core 37 'RAM' <Latency = 1> <II = 1> <Delay = 1.75> <Storage> <Opcode : 'load' 'store'> <Ports = 2> <Width = 16> <Depth = 9> <RAM>

 <State 12> : 0.00ns

 <State 13> : 10.49ns
ST_13 : Operation 212 [1/1] (1.56ns)   --->   "%tmp_8 = add i5 %tmp_9, 1" [conv2d.cpp:15]   --->   Core 14 'AddSub' <Latency = 0> <II = 1> <Delay = 1.72> <FuncUnit> <Opcode : 'add' 'sub'> <InPorts = 2> <OutPorts = 1>
ST_13 : Operation 213 [1/1] (0.00ns)   --->   "%tmp_11_cast = sext i5 %tmp_8 to i64" [conv2d.cpp:15]
ST_13 : Operation 214 [1/1] (0.00ns)   --->   "%res_addr_1 = getelementptr [9 x i16]* %res, i64 0, i64 %tmp_11_cast" [conv2d.cpp:15]
ST_13 : Operation 215 [1/1] (2.82ns)   --->   "%tmp_13_1_2 = mul i16 %tmp_12_0_2, %tmp_10_0_2_1" [conv2d.cpp:18]   --->   Core 61 'DSP48' <Latency = 0> <II = 1> <Delay = 5.55> <IPBlock> <Opcode : 'mul' 'add' 'sub' 'select'> <InPorts = 0> <OutPorts = 1> <Sync> <CReg>
ST_13 : Operation 216 [1/1] (2.73ns)   --->   "%tmp13 = add i16 %tmp_13_1_2, %tmp12" [conv2d.cpp:18]   --->   Core 61 'DSP48' <Latency = 0> <II = 1> <Delay = 5.55> <IPBlock> <Opcode : 'mul' 'add' 'sub' 'select'> <InPorts = 0> <OutPorts = 1> <Sync> <CReg>
ST_13 : Operation 217 [1/1] (0.00ns) (grouped into TernaryAdder)   --->   "%tmp11 = add i16 %tmp10, %tmp13" [conv2d.cpp:18]   --->   Core 80 'TAddSub' <Latency = 0> <II = 1> <Delay = 1.59> <IPBlock> <Opcode : 'add' 'sub'> <InPorts = 3> <OutPorts = 1> <Sync> <CReg>
ST_13 : Operation 218 [1/1] (3.18ns) (root node of TernaryAdder)   --->   "%tmp_14_1_2_2 = add i16 %tmp8, %tmp11" [conv2d.cpp:18]   --->   Core 80 'TAddSub' <Latency = 0> <II = 1> <Delay = 1.59> <IPBlock> <Opcode : 'add' 'sub'> <InPorts = 3> <OutPorts = 1> <Sync> <CReg>
ST_13 : Operation 219 [1/1] (1.75ns)   --->   "store i16 %tmp_14_1_2_2, i16* %res_addr_1, align 2" [conv2d.cpp:18]   --->   Core 37 'RAM' <Latency = 1> <II = 1> <Delay = 1.75> <Storage> <Opcode : 'load' 'store'> <Ports = 2> <Width = 16> <Depth = 9> <RAM>

 <State 14> : 10.49ns
ST_14 : Operation 220 [1/1] (0.00ns)   --->   "call void (...)* @_ssdm_op_SpecLoopName([4 x i8]* @p_str2) nounwind" [conv2d.cpp:11]
ST_14 : Operation 221 [1/1] (0.00ns)   --->   "%tmp_2 = call i32 (...)* @_ssdm_op_SpecRegionBegin([4 x i8]* @p_str2) nounwind" [conv2d.cpp:11]
ST_14 : Operation 222 [1/1] (0.00ns)   --->   "call void (...)* @_ssdm_op_SpecPipeline(i32 1, i32 1, i32 1, i32 0, [1 x i8]* @p_str1) nounwind" [conv2d.cpp:12]
ST_14 : Operation 223 [1/1] (1.56ns)   --->   "%tmp_11 = add i5 %tmp_9, 2" [conv2d.cpp:15]   --->   Core 14 'AddSub' <Latency = 0> <II = 1> <Delay = 1.72> <FuncUnit> <Opcode : 'add' 'sub'> <InPorts = 2> <OutPorts = 1>
ST_14 : Operation 224 [1/1] (0.00ns)   --->   "%tmp_14_cast = sext i5 %tmp_11 to i64" [conv2d.cpp:15]
ST_14 : Operation 225 [1/1] (0.00ns)   --->   "%res_addr_2 = getelementptr [9 x i16]* %res, i64 0, i64 %tmp_14_cast" [conv2d.cpp:15]
ST_14 : Operation 226 [1/1] (2.82ns)   --->   "%tmp_13_2_2 = mul i16 %tmp_12_0_2, %tmp_10_0_2_2" [conv2d.cpp:18]   --->   Core 61 'DSP48' <Latency = 0> <II = 1> <Delay = 5.55> <IPBlock> <Opcode : 'mul' 'add' 'sub' 'select'> <InPorts = 0> <OutPorts = 1> <Sync> <CReg>
ST_14 : Operation 227 [1/1] (2.73ns)   --->   "%tmp20 = add i16 %tmp_13_2_2, %tmp19" [conv2d.cpp:18]   --->   Core 61 'DSP48' <Latency = 0> <II = 1> <Delay = 5.55> <IPBlock> <Opcode : 'mul' 'add' 'sub' 'select'> <InPorts = 0> <OutPorts = 1> <Sync> <CReg>
ST_14 : Operation 228 [1/1] (0.00ns) (grouped into TernaryAdder)   --->   "%tmp18 = add i16 %tmp17, %tmp20" [conv2d.cpp:18]   --->   Core 80 'TAddSub' <Latency = 0> <II = 1> <Delay = 1.59> <IPBlock> <Opcode : 'add' 'sub'> <InPorts = 3> <OutPorts = 1> <Sync> <CReg>
ST_14 : Operation 229 [1/1] (3.18ns) (root node of TernaryAdder)   --->   "%tmp_14_2_2_2 = add i16 %tmp15, %tmp18" [conv2d.cpp:18]   --->   Core 80 'TAddSub' <Latency = 0> <II = 1> <Delay = 1.59> <IPBlock> <Opcode : 'add' 'sub'> <InPorts = 3> <OutPorts = 1> <Sync> <CReg>
ST_14 : Operation 230 [1/1] (1.75ns)   --->   "store i16 %tmp_14_2_2_2, i16* %res_addr_2, align 2" [conv2d.cpp:18]   --->   Core 37 'RAM' <Latency = 1> <II = 1> <Delay = 1.75> <Storage> <Opcode : 'load' 'store'> <Ports = 2> <Width = 16> <Depth = 9> <RAM>
ST_14 : Operation 231 [1/1] (0.00ns)   --->   "%empty_2 = call i32 (...)* @_ssdm_op_SpecRegionEnd([4 x i8]* @p_str2, i32 %tmp_2) nounwind" [conv2d.cpp:22]
ST_14 : Operation 232 [1/1] (0.00ns)   --->   "br label %1" [conv2d.cpp:11]

 <State 15> : 0.00ns
ST_15 : Operation 233 [1/1] (0.00ns)   --->   "ret void" [conv2d.cpp:23]


============================================================
+ Verbose Summary: Timing violations
============================================================
Target clock period: 10ns, clock uncertainty: 1.25ns.

 <State 1>: 1.3ns
The critical path consists of the following:
	multiplexor before 'phi' operation ('i') with incoming values : ('i', conv2d.cpp:18) [23]  (1.3 ns)

 <State 2>: 4.84ns
The critical path consists of the following:
	'phi' operation ('i') with incoming values : ('i', conv2d.cpp:18) [23]  (0 ns)
	'add' operation ('tmp_3', conv2d.cpp:18) [35]  (1.52 ns)
	'add' operation ('tmp_4', conv2d.cpp:18) [38]  (1.57 ns)
	'getelementptr' operation ('a_addr_1', conv2d.cpp:18) [40]  (0 ns)
	'load' operation ('a_load_1', conv2d.cpp:18) on array 'a' [65]  (1.75 ns)

 <State 3>: 8.1ns
The critical path consists of the following:
	'load' operation ('a_load', conv2d.cpp:18) on array 'a' [60]  (1.75 ns)
	'mul' operation ('tmp_12', conv2d.cpp:18) [64]  (3.61 ns)
	'add' operation ('tmp2', conv2d.cpp:18) [142]  (2.73 ns)

 <State 4>: 8.1ns
The critical path consists of the following:
	'load' operation ('a_load_3', conv2d.cpp:18) on array 'a' [93]  (1.75 ns)
	'mul' operation ('tmp_13_0_1', conv2d.cpp:18) [97]  (3.61 ns)
	'add' operation ('tmp3', conv2d.cpp:18) [143]  (2.73 ns)

 <State 5>: 8.1ns
The critical path consists of the following:
	'load' operation ('a_load_5', conv2d.cpp:18) on array 'a' [103]  (1.75 ns)
	'mul' operation ('tmp_13_0_1_2', conv2d.cpp:18) [107]  (3.61 ns)
	'add' operation ('tmp5', conv2d.cpp:18) [145]  (2.73 ns)

 <State 6>: 3.61ns
The critical path consists of the following:
	'mul' operation ('tmp_13_2_1', conv2d.cpp:18) [180]  (3.61 ns)

 <State 7>: 8.1ns
The critical path consists of the following:
	'load' operation ('a_load_8', conv2d.cpp:18) on array 'a' [137]  (1.75 ns)
	'mul' operation ('tmp_13_0_2_2', conv2d.cpp:18) [141]  (3.61 ns)
	'add' operation ('tmp7', conv2d.cpp:18) [146]  (2.73 ns)

 <State 8>: 8.1ns
The critical path consists of the following:
	'load' operation ('a_load_11', conv2d.cpp:18) on array 'a' [163]  (1.75 ns)
	'mul' operation ('tmp_13_1_2_2', conv2d.cpp:18) [165]  (3.61 ns)
	'add' operation ('tmp12', conv2d.cpp:18) [170]  (2.73 ns)

 <State 9>: 7.3ns
The critical path consists of the following:
	'load' operation ('a_load_12', conv2d.cpp:18) on array 'a' [177]  (1.75 ns)
	'mul' operation ('tmp_13_2_0_2', conv2d.cpp:18) [179]  (2.82 ns)
	'add' operation ('tmp16', conv2d.cpp:18) [191]  (2.73 ns)

 <State 10>: 8.1ns
The critical path consists of the following:
	'load' operation ('a_load_14', conv2d.cpp:18) on array 'a' [187]  (1.75 ns)
	'mul' operation ('tmp_13_2_2_2', conv2d.cpp:18) [189]  (3.61 ns)
	'add' operation ('tmp19', conv2d.cpp:18) [194]  (2.73 ns)

 <State 11>: 10.5ns
The critical path consists of the following:
	'mul' operation ('tmp_13_0_2', conv2d.cpp:18) [131]  (2.82 ns)
	'add' operation ('tmp6', conv2d.cpp:18) [147]  (2.73 ns)
	'add' operation ('tmp4', conv2d.cpp:18) [148]  (0 ns)
	'add' operation ('tmp_14_0_2_2', conv2d.cpp:18) [149]  (3.19 ns)
	'store' operation (conv2d.cpp:18) of variable 'tmp_14_0_2_2', conv2d.cpp:18 on array 'res' [150]  (1.75 ns)

 <State 12>: 0ns
The critical path consists of the following:

 <State 13>: 10.5ns
The critical path consists of the following:
	'mul' operation ('tmp_13_1_2', conv2d.cpp:18) [161]  (2.82 ns)
	'add' operation ('tmp13', conv2d.cpp:18) [171]  (2.73 ns)
	'add' operation ('tmp11', conv2d.cpp:18) [172]  (0 ns)
	'add' operation ('tmp_14_1_2_2', conv2d.cpp:18) [173]  (3.19 ns)
	'store' operation (conv2d.cpp:18) of variable 'tmp_14_1_2_2', conv2d.cpp:18 on array 'res' [174]  (1.75 ns)

 <State 14>: 10.5ns
The critical path consists of the following:
	'mul' operation ('tmp_13_2_2', conv2d.cpp:18) [185]  (2.82 ns)
	'add' operation ('tmp20', conv2d.cpp:18) [195]  (2.73 ns)
	'add' operation ('tmp18', conv2d.cpp:18) [196]  (0 ns)
	'add' operation ('tmp_14_2_2_2', conv2d.cpp:18) [197]  (3.19 ns)
	'store' operation (conv2d.cpp:18) of variable 'tmp_14_2_2_2', conv2d.cpp:18 on array 'res' [198]  (1.75 ns)

 <State 15>: 0ns
The critical path consists of the following:


============================================================
+ Verbose Summary: Binding
============================================================
N/A
* FSMD analyzer results:
  - Output states:
 - Input state : 
  - Chain level:
	State 1
	State 2
	State 3
	State 4
	State 5
	State 6
	State 7
	State 8
	State 9
	State 10
	State 11
	State 12
	State 13
	State 14
	State 15


============================================================
+ Verbose Summary: Datapath Resource usage 
============================================================
N/A
