INFO: [HLS 200-0] Workspace E:/vivado/conv2d/conv2d/solution2 opened at Thu Dec 12 14:56:42 +0700 2024
Execute     config_clock -quiet -name default -period 10 -default=false 
INFO: [SYN 201-201] Setting up clock 'default' with a period of 10ns.
Command     config_clock returned 0; 0 sec.
Execute     open_platform DefaultPlatform 
Command     open_platform returned 0; 0 sec.
Execute     import_lib E:/Xilinx/Vivado/2018.1/common/technology/xilinx/zynq/zynq 
Execute       source E:/Xilinx/Vivado/2018.1/common/technology/xilinx/common/xilinx.lib 
Execute         source E:/Xilinx/Vivado/2018.1/common/technology/xilinx/interface/xilinx_interface.lib 
Execute           source E:/Xilinx/Vivado/2018.1/common/technology/xilinx/interface/plb46.lib 
Command           ap_source returned 0; 0.001 sec.
Execute           source E:/Xilinx/Vivado/2018.1/common/technology/xilinx/interface/fsl.lib 
Command           ap_source returned 0; 0 sec.
Execute           source E:/Xilinx/Vivado/2018.1/common/technology/xilinx/interface/axi4.lib 
Command           ap_source returned 0; 0 sec.
Execute           source E:/Xilinx/Vivado/2018.1/common/technology/xilinx/interface/maxi.lib 
Command           ap_source returned 0; 0 sec.
Execute           source E:/Xilinx/Vivado/2018.1/common/technology/xilinx/interface/saxilite.lib 
Command           ap_source returned 0; 0.001 sec.
Command         ap_source returned 0; 0.002 sec.
Execute         source E:/Xilinx/Vivado/2018.1/common/technology/xilinx/common/dsp48.lib 
Command         ap_source returned 0; 0 sec.
Execute         source E:/Xilinx/Vivado/2018.1/common/technology/xilinx/ip/dds_compiler.lib 
Command         ap_source returned 0; 0 sec.
Execute         source E:/Xilinx/Vivado/2018.1/common/technology/xilinx/ip/xfft.lib 
Command         ap_source returned 0; 0 sec.
Execute         source E:/Xilinx/Vivado/2018.1/common/technology/xilinx/ip/xfir.lib 
Command         ap_source returned 0; 0.001 sec.
Command       ap_source returned 0; 0.004 sec.
Execute       source E:/Xilinx/Vivado/2018.1/common/technology/xilinx/common/xilinx_old.lib 
Command       ap_source returned 0; 0.001 sec.
Execute       source E:/Xilinx/Vivado/2018.1/common/technology/xilinx/common/xilinx_vivado.lib 
Command       ap_source returned 0; 0.001 sec.
Execute       source E:/Xilinx/Vivado/2018.1/common/technology/xilinx/common/xilinx.hlp 
Execute         source E:/Xilinx/Vivado/2018.1/common/technology/xilinx/common/target_info.tcl 
Command         ap_source returned 0; 0.001 sec.
Execute         source E:/Xilinx/Vivado/2018.1/common/technology/xilinx/interface/xilinx_interface.hlp 
Execute           source E:/Xilinx/Vivado/2018.1/common/technology/xilinx/interface/maxi.hlp 
Command           ap_source returned 0; 0 sec.
Execute           source E:/Xilinx/Vivado/2018.1/common/technology/xilinx/interface/saxilite.hlp 
Command           ap_source returned 0; 0.001 sec.
Command         ap_source returned 0; 0.001 sec.
Execute         source E:/Xilinx/Vivado/2018.1/common/technology/xilinx/common/dsp48.hlp 
Command         ap_source returned 0; 0.001 sec.
Command       ap_source returned 0; 0.005 sec.
Execute       source E:/Xilinx/Vivado/2018.1/common/technology/xilinx/zynq/dsp48e1.hlp 
Command       ap_source returned 0; 0 sec.
Execute       get_default_platform 
Command       get_default_platform returned 0; 0 sec.
Execute       config_chip_info -quiet -resource  {SLICE 13300}  {LUT 53200}     {FF 106400} {DSP48E 220}   {BRAM 280}  
Command       config_chip_info returned 0; 0 sec.
Execute       config_chip_info -quiet -speed medium 
Command       config_chip_info returned 0; 0 sec.
Execute       source E:/Xilinx/Vivado/2018.1/common/technology/xilinx/common/xilinx.hlp 
Execute         source E:/Xilinx/Vivado/2018.1/common/technology/xilinx/common/target_info.tcl 
Command         ap_source returned 0; 0 sec.
Execute         source E:/Xilinx/Vivado/2018.1/common/technology/xilinx/interface/xilinx_interface.hlp 
Execute           source E:/Xilinx/Vivado/2018.1/common/technology/xilinx/interface/maxi.hlp 
Command           ap_source returned 0; 0 sec.
Execute           source E:/Xilinx/Vivado/2018.1/common/technology/xilinx/interface/saxilite.hlp 
Command           ap_source returned 0; 0 sec.
Command         ap_source returned 0; 0.001 sec.
Execute         source E:/Xilinx/Vivado/2018.1/common/technology/xilinx/common/dsp48.hlp 
Command         ap_source returned 0; 0.001 sec.
Command       ap_source returned 0; 0.004 sec.
Command     import_lib returned 0; 0.02 sec.
Execute     source E:/Xilinx/Vivado/2018.1/common/technology/xilinx/zynq/zynq.gen 
Execute       source E:/Xilinx/Vivado/2018.1/common/technology/xilinx/common/virtex.gen 
Execute         source E:/Xilinx/Vivado/2018.1/common/technology/xilinx/common/xilinx.gen 
Execute           source E:/Xilinx/Vivado/2018.1/common/technology/xilinx/interface/plb46.gen 
Command           ap_source returned 0; 0.001 sec.
Execute           source E:/Xilinx/Vivado/2018.1/common/technology/xilinx/interface/fsl.gen 
Command           ap_source returned 0; 0 sec.
Execute           source E:/Xilinx/Vivado/2018.1/common/technology/xilinx/interface/axi4.gen 
Command           ap_source returned 0; 0.001 sec.
Execute           source E:/Xilinx/Vivado/2018.1/common/technology/xilinx/interface/nativeAXI4.gen 
Execute             source E:/Xilinx/Vivado/2018.1/common/technology/xilinx/interface/saxilite.gen 
Command             ap_source returned 0; 0.004 sec.
Execute             source E:/Xilinx/Vivado/2018.1/common/technology/xilinx/interface/maxi.gen 
Command             ap_source returned 0; 0.007 sec.
Command           ap_source returned 0; 0.011 sec.
Execute           source E:/Xilinx/Vivado/2018.1/common/technology/xilinx/scripts/xilinxcoregen.gen 
Command           ap_source returned 0; 0.011 sec.
Execute           source E:/Xilinx/Vivado/2018.1/common/technology/xilinx/interface/XilEDKCoreGen.gen 
Command           ap_source returned 0; 0.007 sec.
Execute           source E:/Xilinx/Vivado/2018.1/common/technology/xilinx/ip/dds_compiler.gen 
Command           ap_source returned 0; 0.003 sec.
Execute           source E:/Xilinx/Vivado/2018.1/common/technology/xilinx/ip/util.gen 
Command           ap_source returned 0; 0 sec.
Execute           source E:/Xilinx/Vivado/2018.1/common/technology/xilinx/ip/xfft.gen 
Command           ap_source returned 0; 0.084 sec.
Execute           source E:/Xilinx/Vivado/2018.1/common/technology/xilinx/ip/xfir.gen 
Command           ap_source returned 0; 0.001 sec.
Command         ap_source returned 0; 0.121 sec.
Execute         source E:/Xilinx/Vivado/2018.1/common/technology/xilinx/common/dsp48.gen 
Command         ap_source returned 0; 0 sec.
Command       ap_source returned 0; 0.123 sec.
Command     ap_source returned 0; 0.123 sec.
Execute     open_platform DefaultPlatform 
Command     open_platform returned 0; 0 sec.
Execute     import_lib E:/Xilinx/Vivado/2018.1/common/technology/xilinx/zynq/zynq_fpv6 
Execute       source E:/Xilinx/Vivado/2018.1/common/technology/xilinx/common/xilinx_fpv7.lib 
Execute         source E:/Xilinx/Vivado/2018.1/common/technology/xilinx/common/xilinx_hp.lib 
Command         ap_source returned 0; 0.001 sec.
Command       ap_source returned 0; 0.004 sec.
Execute       source E:/Xilinx/Vivado/2018.1/common/technology/xilinx/common/xilinx_fpv.hlp 
Execute         source E:/Xilinx/Vivado/2018.1/common/technology/xilinx/common/xilinx.hlp 
Execute           source E:/Xilinx/Vivado/2018.1/common/technology/xilinx/common/target_info.tcl 
Command           ap_source returned 0; 0.002 sec.
Execute           source E:/Xilinx/Vivado/2018.1/common/technology/xilinx/interface/xilinx_interface.hlp 
Execute             source E:/Xilinx/Vivado/2018.1/common/technology/xilinx/interface/maxi.hlp 
Command             ap_source returned 0; 0 sec.
Execute             source E:/Xilinx/Vivado/2018.1/common/technology/xilinx/interface/saxilite.hlp 
Command             ap_source returned 0; 0.001 sec.
Command           ap_source returned 0; 0.001 sec.
Execute           source E:/Xilinx/Vivado/2018.1/common/technology/xilinx/common/dsp48.hlp 
Command           ap_source returned 0; 0.001 sec.
Command         ap_source returned 0; 0.005 sec.
Command       ap_source returned 0; 0.006 sec.
Execute       source E:/Xilinx/Vivado/2018.1/common/technology/xilinx/zynq/zynq_hp.hlp 
Command       ap_source returned 0; 0.002 sec.
Command     import_lib returned 0; 0.021 sec.
Execute     source E:/Xilinx/Vivado/2018.1/common/technology/xilinx/zynq/zynq_fpv6.gen 
Execute       source E:/Xilinx/Vivado/2018.1/common/technology/xilinx/common/xilinx_fpv6.gen 
Command       ap_source returned 0; 0.002 sec.
Command     ap_source returned 0; 0.002 sec.
Execute     set_part xc7z045ffg900-2 
Execute       add_library xilinx/zynq/zynq:xc7z045:ffg900:-2 
Execute         get_default_platform 
Command         get_default_platform returned 0; 0 sec.
Execute         license_isbetapart xc7z045 
Command         license_isbetapart returned 1; 0.007 sec.
Execute         get_default_platform 
Command         get_default_platform returned 0; 0 sec.
Execute         config_chip_info -quiet -resource  {SLICE 54650}  {LUT 218600}    {FF 437200} {DSP48E 900}   {BRAM 1090}  
Command         config_chip_info returned 0; 0 sec.
Execute         config_chip_info -quiet -speed medium 
Command         config_chip_info returned 0; 0 sec.
Command       add_library returned 0; 0.018 sec.
Execute       add_library xilinx/zynq/zynq_fpv6 
Execute         get_default_platform 
Command         get_default_platform returned 0; 0 sec.
Command       add_library returned 0; 0.008 sec.
INFO: [HLS 200-10] Setting target device to 'xc7z045ffg900-2'
Execute       get_default_platform 
Command       get_default_platform returned 0; 0 sec.
Command     set_part returned 0; 0.057 sec.
Execute     get_default_platform 
Command     get_default_platform returned 0; 0.001 sec.
Execute     config_chip_info -quiet -resource  {SLICE 54650}  {LUT 218600}    {FF 437200} {DSP48E 900}   {BRAM 1090}  
Command     config_chip_info returned 0; 0 sec.
Execute     config_chip_info -quiet -speed medium 
Command     config_chip_info returned 0; 0 sec.
Command   open_solution returned 0; 0.257 sec.
Execute   set_part xc7z045ffg900-2 
Execute     add_library xilinx/zynq/zynq:xc7z045:ffg900:-2 
Execute       get_default_platform 
Command       get_default_platform returned 0; 0 sec.
Execute       license_isbetapart xc7z045 
Command       license_isbetapart returned 1; 0 sec.
Execute       get_default_platform 
Command       get_default_platform returned 0; 0 sec.
Execute       config_chip_info -quiet -resource  {SLICE 54650}  {LUT 218600}    {FF 437200} {DSP48E 900}   {BRAM 1090}  
Command       config_chip_info returned 0; 0 sec.
Execute       config_chip_info -quiet -speed medium 
Command       config_chip_info returned 0; 0 sec.
Command     add_library returned 0; 0.011 sec.
Execute     add_library xilinx/zynq/zynq_fpv6 
Execute       get_default_platform 
Command       get_default_platform returned 0; 0 sec.
Command     add_library returned 0; 0.001 sec.
Execute     get_default_platform 
Command     get_default_platform returned 0; 0 sec.
Command   set_part returned 0; 0.044 sec.
Execute   create_clock -period 10 -name default 
Command   create_clock returned 0; 0.001 sec.
Execute   source ./conv2d/solution2/directives.tcl 
Execute     set_directive_interface conv2d a 
INFO: [HLS 200-0] Setting directive 'INTERFACE' port=positionBooleanTextRequireda 
Command     set_directive_interface returned 0; 0.002 sec.
Execute     set_directive_interface conv2d b 
INFO: [HLS 200-0] Setting directive 'INTERFACE' port=positionBooleanTextRequireda 
INFO: [HLS 200-0] Setting directive 'INTERFACE' port=positionBooleanTextRequiredb 
Command     set_directive_interface returned 0; 0.008 sec.
Execute     set_directive_interface conv2d res 
INFO: [HLS 200-0] Setting directive 'INTERFACE' port=positionBooleanTextRequireda 
INFO: [HLS 200-0] Setting directive 'INTERFACE' port=positionBooleanTextRequiredb 
INFO: [HLS 200-0] Setting directive 'INTERFACE' port=positionBooleanTextRequiredres 
Command     set_directive_interface returned 0; 0.007 sec.
Execute     set_directive_array_partition -type complete -dim 2 conv2d a 
INFO: [HLS 200-0] Setting directive 'INTERFACE' port=positionBooleanTextRequireda 
INFO: [HLS 200-0] Setting directive 'INTERFACE' port=positionBooleanTextRequiredb 
INFO: [HLS 200-0] Setting directive 'INTERFACE' port=positionBooleanTextRequiredres 
INFO: [HLS 200-0] Setting directive 'ARRAY_PARTITION' partition=positionBooleanCmd variable=positionBooleanTextRequireda complete=positionBoolean0type dim=2 
Command     set_directive_array_partition returned 0; 0.01 sec.
Execute     set_directive_array_partition -type complete -dim 2 conv2d b 
INFO: [HLS 200-0] Setting directive 'INTERFACE' port=positionBooleanTextRequireda 
INFO: [HLS 200-0] Setting directive 'INTERFACE' port=positionBooleanTextRequiredb 
INFO: [HLS 200-0] Setting directive 'INTERFACE' port=positionBooleanTextRequiredres 
INFO: [HLS 200-0] Setting directive 'ARRAY_PARTITION' partition=positionBooleanCmd variable=positionBooleanTextRequireda complete=positionBoolean0type dim=2 
INFO: [HLS 200-0] Setting directive 'ARRAY_PARTITION' partition=positionBooleanCmd variable=positionBooleanTextRequiredb complete=positionBoolean0type dim=2 
Command     set_directive_array_partition returned 0; 0.012 sec.
Execute     set_directive_array_partition -type complete -dim 2 conv2d res 
INFO: [HLS 200-0] Setting directive 'INTERFACE' port=positionBooleanTextRequireda 
INFO: [HLS 200-0] Setting directive 'INTERFACE' port=positionBooleanTextRequiredb 
INFO: [HLS 200-0] Setting directive 'INTERFACE' port=positionBooleanTextRequiredres 
INFO: [HLS 200-0] Setting directive 'ARRAY_PARTITION' partition=positionBooleanCmd variable=positionBooleanTextRequireda complete=positionBoolean0type dim=2 
INFO: [HLS 200-0] Setting directive 'ARRAY_PARTITION' partition=positionBooleanCmd variable=positionBooleanTextRequiredb complete=positionBoolean0type dim=2 
INFO: [HLS 200-0] Setting directive 'ARRAY_PARTITION' partition=positionBooleanCmd variable=positionBooleanTextRequiredres complete=positionBoolean0type dim=2 
Command     set_directive_array_partition returned 0; 0.014 sec.
Execute     set_directive_pipeline -II 1 conv2d/Product 
INFO: [HLS 200-0] Setting directive 'INTERFACE' port=positionBooleanTextRequireda 
INFO: [HLS 200-0] Setting directive 'INTERFACE' port=positionBooleanTextRequiredb 
INFO: [HLS 200-0] Setting directive 'INTERFACE' port=positionBooleanTextRequiredres 
INFO: [HLS 200-0] Setting directive 'ARRAY_PARTITION' partition=positionBooleanCmd variable=positionBooleanTextRequireda complete=positionBoolean0type dim=2 
INFO: [HLS 200-0] Setting directive 'ARRAY_PARTITION' partition=positionBooleanCmd variable=positionBooleanTextRequiredb complete=positionBoolean0type dim=2 
INFO: [HLS 200-0] Setting directive 'ARRAY_PARTITION' partition=positionBooleanCmd variable=positionBooleanTextRequiredres complete=positionBoolean0type dim=2 
INFO: [HLS 200-0] Setting directive 'PIPELINE' II=1 
Command     set_directive_pipeline returned 0; 0.016 sec.
Command   ap_source returned 0; 0.075 sec.
Execute   csynth_design 
Execute     elaborate -effort=medium -skip_syncheck=0 -keep_printf=0 -lm=0 -skip_cdt=0 -skip_transform=0 -ng=0 -g=0 -opt_fp=0 -enable_clang39=0 
INFO: [HLS 200-10] Analyzing design file 'conv2d.cpp' ...
INFO: [HLS 200-0] Compiling one TU...
Execute       is_m_axi_addr64 
Command       is_m_axi_addr64 returned 0; 0 sec.
INFO: [HLS 200-0] Handling conv2d.cpp as C++
Execute       get_default_platform 
Command       get_default_platform returned 0; 0 sec.
Execute       is_encrypted conv2d.cpp 
Command       is_encrypted returned 0; 0 sec.
Execute       get_default_platform 
Command       get_default_platform returned 0; 0 sec.
INFO: [HLS 200-0] Source preprocessing
Execute       clang  -fno-limit-debug-info -gcc-toolchain "E:/Xilinx/Vivado/2018.1/msys" -hls  -fno-exceptions  -D__llvm__  -E "conv2d.cpp"     -fno-math-errno -c -emit-llvm -O0  -mllvm -disable-llvm-optzns -fno-threadsafe-statics  -fno-use-cxa-atexit  -fno-threadsafe-statics -fno-use-cxa-atexit -D__CLANG_3_1__ -D__cdecl= -DAESL_SYN -D__SYNTHESIS__ -D__HLS_SYN__ -I "E:/Xilinx/Vivado/2018.1/common/technology/autopilot" -I "E:/Xilinx/Vivado/2018.1/common/technology/autopilot/ap_sysc" -include etc/autopilot_ssdm_op.h -D__DSP48E1__  -o "E:/vivado/conv2d/conv2d/solution2/.autopilot/db/conv2d.pp.0.cpp" 
INFO: [HLS 200-0] exec clang -fno-limit-debug-info -gcc-toolchain E:/Xilinx/Vivado/2018.1/msys -hls -fno-exceptions -D__llvm__ -E conv2d.cpp -fno-math-errno -c -emit-llvm -O0 -mllvm -disable-llvm-optzns -fno-threadsafe-statics -fno-use-cxa-atexit -fno-threadsafe-statics -fno-use-cxa-atexit -D__CLANG_3_1__ -D__cdecl= -DAESL_SYN -D__SYNTHESIS__ -D__HLS_SYN__ -I E:/Xilinx/Vivado/2018.1/common/technology/autopilot -I E:/Xilinx/Vivado/2018.1/common/technology/autopilot/ap_sysc -include etc/autopilot_ssdm_op.h -D__DSP48E1__ -o E:/vivado/conv2d/conv2d/solution2/.autopilot/db/conv2d.pp.0.cpp
Command       clang returned 0; 0.626 sec.
INFO: [HLS 200-0] Syntax Checking before pre-processing...
Execute       clang  -fno-limit-debug-info -gcc-toolchain "E:/Xilinx/Vivado/2018.1/msys" -hls    -fno-math-errno -c -emit-llvm -O0  -mllvm -disable-llvm-optzns -fno-threadsafe-statics  -fno-use-cxa-atexit  -fno-threadsafe-statics -fno-use-cxa-atexit -D__CLANG_3_1__ -D__cdecl= -DAESL_SYN -D__SYNTHESIS__ -D__HLS_SYN__ -I "E:/Xilinx/Vivado/2018.1/common/technology/autopilot" -I "E:/Xilinx/Vivado/2018.1/common/technology/autopilot/ap_sysc" -include etc/autopilot_ssdm_op.h -D__DSP48E1__  "E:/vivado/conv2d/conv2d/solution2/.autopilot/db/conv2d.pp.0.cpp"  -o "E:/vivado/conv2d/conv2d/solution2/.autopilot/db/useless.bc"  
INFO: [HLS 200-0] exec clang -fno-limit-debug-info -gcc-toolchain E:/Xilinx/Vivado/2018.1/msys -hls -fno-math-errno -c -emit-llvm -O0 -mllvm -disable-llvm-optzns -fno-threadsafe-statics -fno-use-cxa-atexit -fno-threadsafe-statics -fno-use-cxa-atexit -D__CLANG_3_1__ -D__cdecl= -DAESL_SYN -D__SYNTHESIS__ -D__HLS_SYN__ -I E:/Xilinx/Vivado/2018.1/common/technology/autopilot -I E:/Xilinx/Vivado/2018.1/common/technology/autopilot/ap_sysc -include etc/autopilot_ssdm_op.h -D__DSP48E1__ E:/vivado/conv2d/conv2d/solution2/.autopilot/db/conv2d.pp.0.cpp -o E:/vivado/conv2d/conv2d/solution2/.autopilot/db/useless.bc
Command       clang returned 0; 0.624 sec.
INFO: [HLS 200-0] GCC PP time: 1 seconds per iteration
INFO: [HLS 200-0] Setting directive 'INTERFACE' port=positionBooleanTextRequireda 
INFO: [HLS 200-0] Setting directive 'INTERFACE' port=positionBooleanTextRequiredb 
INFO: [HLS 200-0] Setting directive 'INTERFACE' port=positionBooleanTextRequiredres 
INFO: [HLS 200-0] Setting directive 'ARRAY_PARTITION' partition=positionBooleanCmd variable=positionBooleanTextRequireda complete=positionBoolean0type dim=2 
INFO: [HLS 200-0] Setting directive 'ARRAY_PARTITION' partition=positionBooleanCmd variable=positionBooleanTextRequiredb complete=positionBoolean0type dim=2 
INFO: [HLS 200-0] Setting directive 'ARRAY_PARTITION' partition=positionBooleanCmd variable=positionBooleanTextRequiredres complete=positionBoolean0type dim=2 
INFO: [HLS 200-0] Setting directive 'PIPELINE' II=1 
Execute       list_core -type functional_unit 
Command       list_core returned 0; 0 sec.
INFO: [HLS 200-0] CDT Preprocessing...
INFO: [HLS 200-0] Marker-Pragma convertor: E:/vivado/conv2d/conv2d/solution2/.autopilot/db/conv2d.pp.0.cpp E:/vivado/conv2d/conv2d/solution2/.autopilot/db/conv2d.pp.0.cpp.ap-line.cpp E:/vivado/conv2d/conv2d/solution2/.autopilot/db/conv2d.pp.0.cpp.ap-line.cpp.CXX 1
INFO: [HLS 200-0] Converting Markers to Pragmas...
Execute       cdt  "E:/vivado/conv2d/conv2d/solution2/.autopilot/db/conv2d.pp.0.cpp.ap-line.cpp"  -m "conv2d" -o "E:/vivado/conv2d/conv2d/solution2/.autopilot/db/conv2d.pp.0.cpp.ap-cdt.cpp" --pp --directive E:/vivado/conv2d/conv2d/solution2/solution2.directive --source E:/vivado/conv2d/conv2d.cpp --error E:/vivado/conv2d/conv2d/solution2/.autopilot/db --funcunit "AddSub AddSub_DSP AddSubnS DAddSub_fulldsp DAddSub_nodsp DDiv DExp_fulldsp DExp_meddsp DExp_nodsp DLog_fulldsp DLog_meddsp DLog_nodsp DMul_fulldsp DMul_maxdsp DMul_meddsp DMul_nodsp DRSqrt DRecip DSP_Macro DSqrt DivnS FAddSub_fulldsp FAddSub_nodsp FDiv FExp_fulldsp FExp_meddsp FExp_nodsp FLog_fulldsp FLog_meddsp FLog_nodsp FMul_fulldsp FMul_maxdsp FMul_meddsp FMul_nodsp FRSqrt_fulldsp FRSqrt_nodsp FRecip_fulldsp FRecip_nodsp FSqrt HAddSub_fulldsp HAddSub_meddsp HAddSub_nodsp HDiv HMul_fulldsp HMul_maxdsp HMul_nodsp HSqrt Mul Mul2S Mul3S Mul4S Mul5S Mul6S Mul_LUT MulnS MuxnS" --ve --vetcl E:/vivado/conv2d/conv2d/solution2/.autopilot/db --ca --es --gf --pd --p2d E:/vivado/conv2d/conv2d/solution2/.autopilot/db --sd --scff E:/vivado/conv2d/conv2d/solution2/.autopilot/db/.systemc_flag --ad 
Command       cdt returned 0; 0.867 sec.
INFO: [HLS 200-0] Marker-Pragma convertor: E:/vivado/conv2d/conv2d/solution2/.autopilot/db/conv2d.pp.0.cpp.ap-cdt.cpp E:/vivado/conv2d/conv2d/solution2/.autopilot/db/conv2d.pragma.0.cpp E:/vivado/conv2d/conv2d/solution2/.autopilot/db/conv2d.pragma.0.cpp.ap-line.CXX 0
INFO: [HLS 200-0] Converting Pragmas to Markers...
Execute       source E:/vivado/conv2d/conv2d/solution2/.autopilot/db/pragma.status.tcl 
Command       ap_source returned 0; 0.006 sec.
INFO: [HLS 200-0] Pragma Handling...
INFO: [HLS 200-0] Source preprocessing
Execute       clang  -fno-limit-debug-info -gcc-toolchain "E:/Xilinx/Vivado/2018.1/msys" -hls  -fno-exceptions  -D__llvm__  -E "E:/vivado/conv2d/conv2d/solution2/.autopilot/db/conv2d.pragma.1.cpp"     -fno-math-errno -c -emit-llvm -O0  -mllvm -disable-llvm-optzns -fno-threadsafe-statics  -fno-use-cxa-atexit  -fno-threadsafe-statics -fno-use-cxa-atexit -D__CLANG_3_1__ -D__cdecl= -DAESL_SYN -D__SYNTHESIS__ -D__HLS_SYN__ -I "E:/Xilinx/Vivado/2018.1/common/technology/autopilot" -I "E:/Xilinx/Vivado/2018.1/common/technology/autopilot/ap_sysc" -include etc/autopilot_ssdm_op.h -D__DSP48E1__  -o "E:/vivado/conv2d/conv2d/solution2/.autopilot/db/conv2d.pragma.2.cpp" 
INFO: [HLS 200-0] exec clang -fno-limit-debug-info -gcc-toolchain E:/Xilinx/Vivado/2018.1/msys -hls -fno-exceptions -D__llvm__ -E E:/vivado/conv2d/conv2d/solution2/.autopilot/db/conv2d.pragma.1.cpp -fno-math-errno -c -emit-llvm -O0 -mllvm -disable-llvm-optzns -fno-threadsafe-statics -fno-use-cxa-atexit -fno-threadsafe-statics -fno-use-cxa-atexit -D__CLANG_3_1__ -D__cdecl= -DAESL_SYN -D__SYNTHESIS__ -D__HLS_SYN__ -I E:/Xilinx/Vivado/2018.1/common/technology/autopilot -I E:/Xilinx/Vivado/2018.1/common/technology/autopilot/ap_sysc -include etc/autopilot_ssdm_op.h -D__DSP48E1__ -o E:/vivado/conv2d/conv2d/solution2/.autopilot/db/conv2d.pragma.2.cpp
Command       clang returned 0; 0.615 sec.
Execute       get_default_platform 
Command       get_default_platform returned 0; 0 sec.
INFO: [HLS 200-0] Processing labels
Execute       clang  -fno-limit-debug-info -gcc-toolchain E:/Xilinx/Vivado/2018.1/msys -hls -hls-analyze-label -hls-analyze-pragma -fno-exceptions  -D__llvm__  -w  "E:/vivado/conv2d/conv2d/solution2/.autopilot/db/conv2d.pragma.2.cpp"    -fno-math-errno -c -emit-llvm -O0  -mllvm -disable-llvm-optzns -fno-threadsafe-statics  -fno-use-cxa-atexit -DAESL_SYN -D__SYNTHESIS__ -D__HLS_SYN__ -I "E:/Xilinx/Vivado/2018.1/common/technology/autopilot" -I "E:/Xilinx/Vivado/2018.1/common/technology/autopilot/ap_sysc" -include etc/autopilot_ssdm_op.h -D__DSP48E1__ -g -o "E:/vivado/conv2d/conv2d/solution2/.autopilot/db/conv2d.g.bc" 
INFO: [HLS 200-0] exec clang -fno-limit-debug-info -gcc-toolchain E:/Xilinx/Vivado/2018.1/msys -hls -hls-analyze-label -hls-analyze-pragma -fno-exceptions -D__llvm__ -w E:/vivado/conv2d/conv2d/solution2/.autopilot/db/conv2d.pragma.2.cpp -fno-math-errno -c -emit-llvm -O0 -mllvm -disable-llvm-optzns -fno-threadsafe-statics -fno-use-cxa-atexit -DAESL_SYN -D__SYNTHESIS__ -D__HLS_SYN__ -I E:/Xilinx/Vivado/2018.1/common/technology/autopilot -I E:/Xilinx/Vivado/2018.1/common/technology/autopilot/ap_sysc -include etc/autopilot_ssdm_op.h -D__DSP48E1__ -g -o E:/vivado/conv2d/conv2d/solution2/.autopilot/db/conv2d.g.bc
Command       clang returned 0; 0.628 sec.
Execute       source E:/vivado/conv2d/conv2d/solution2/.autopilot/db/ve_warning.tcl 
Command       ap_source returned 0; 0 sec.
INFO: [HLS 200-10] Validating synthesis directives ...
Execute       source E:/vivado/conv2d/conv2d/solution2/.autopilot/db/pragma.status.tcl 
Command       ap_source returned 0; 0 sec.
INFO: [HLS 200-111] Finished Checking Pragmas Time (s): cpu = 00:00:01 ; elapsed = 00:00:04 . Memory (MB): peak = 101.750 ; gain = 45.699
INFO: [HLS 200-0] Linking Release ...
Execute       llvm-ld E:/vivado/conv2d/conv2d/solution2/.autopilot/db/conv2d.bc -hls-opt -except-internalize conv2d -LE:/Xilinx/Vivado/2018.1/win64/lib -lm_basic -lhlsmc++ -lhlsm -o E:/vivado/conv2d/conv2d/solution2/.autopilot/db/a.o 
Command       llvm-ld returned 0; 0.773 sec.
Execute       disassemble E:/vivado/conv2d/conv2d/solution2/.autopilot/db/a.o E:/vivado/conv2d/conv2d/solution2/.autopilot/db/a.o 
Execute         is_encrypted E:/vivado/conv2d/conv2d/solution2/.autopilot/db/a.o.bc 
Command         is_encrypted returned 0; 0.001 sec.
Command       disassemble returned 0; 0.023 sec.
INFO: [HLS 200-0] Disassemble time: 0 seconds per iteration
INFO: [HLS 200-0] Linking Debug ...
Execute       llvm-ld E:/vivado/conv2d/conv2d/solution2/.autopilot/db/conv2d.g.bc -hls-opt -except-internalize conv2d -LE:/Xilinx/Vivado/2018.1/win64/lib -lm_basic -lhlsmc++ -lhlsm -o E:/vivado/conv2d/conv2d/solution2/.autopilot/db/a.g 
Command       llvm-ld returned 0; 0.75 sec.
INFO: [HLS 200-0] Disassemble time: 0 seconds per iteration
INFO: [HLS 200-111] Finished Linking Time (s): cpu = 00:00:01 ; elapsed = 00:00:06 . Memory (MB): peak = 101.766 ; gain = 45.715
Execute       ::config_rtl 
Command       config_rtl returned 0; 0 sec.
Execute       opt_and_import_c a -opt_level=2 -skip_syncheck=0 -ng=0 -keep_printf=0 -enable_clang39=0 
Execute         cleanup_all_models 
Command         cleanup_all_models returned 0; 0 sec.
INFO: [HLS 200-10] Starting code transformations ...
Execute         transform -promote-dbg-pointer E:/vivado/conv2d/conv2d/solution2/.autopilot/db/a.pp.bc -o E:/vivado/conv2d/conv2d/solution2/.autopilot/db/a.pp.0.bc -f 
Command         transform returned 0; 0.01 sec.
Execute         llvm-ld E:/vivado/conv2d/conv2d/solution2/.autopilot/db/a.pp.0.bc -disable-opt -LE:/Xilinx/Vivado/2018.1/win64/lib -lfloatconversion -o E:/vivado/conv2d/conv2d/solution2/.autopilot/db/a.g.0 
Command         llvm-ld returned 0; 0.317 sec.
INFO: [HLS 200-0] Running Standard Transforms...
Execute         transform -hls -share-std-xform -demangle-name -inline-byval-memcpy -always-inline -promote-dbg-pointer -interface-preproc -scalarrepl -mem2reg -keep-read-access -instcombine -dce -promote-dbg-pointer -bitop-raise -loop-simplify -indvarspre -indvars -loop-simplify -xunroll -constprop -instcombine -simplifycfg -indvars -simplifycfg -dce -globaldce -basicaa -simplifycfg -mem2reg -globalopt -global-constprop -deadargelim -instcombine -simplifycfg -prune-eh -simplifycfg -scalarrepl -instcombine -reassociate -licm -simplifycfg -loop-simplify -indvars -instcombine -simplifycfg -mem2reg -loop-simplify -indvars -instcombine -gvn -gvn -instcombine -adce -break-crit-edges -simplifycfg -loop-delete -global-array-opt -dce -dse -adce -find-syn-modules -top conv2d -deadargelim -mem2reg -instcombine -dce -presyn-prepare -auto-rom-infer -interface-preproc -syn-check -check-rec-only -find-region -simplifycfg -func-extr -function-inline -globaldce -mem2reg -instcombine -dce -gvn -globaldce -adce -adse -constprop -instcombine -bit-constprop -instcombine -dce -simplifycfg -bitop-raise -simplifycfg -dce -loop-delete -reassociate -globalopt -global-privatize -mem2reg -dce -global-constprop -pointer-simplify -constprop -dce -func-inst -deadargelim -auto-shift-reg-idiom -promote-dbg-pointer -norm-name E:/vivado/conv2d/conv2d/solution2/.autopilot/db/a.g.0.bc -o E:/vivado/conv2d/conv2d/solution2/.autopilot/db/a.g.1.bc -f -phase std-opt 
Command         transform returned 0; 0.015 sec.
Execute         disassemble E:/vivado/conv2d/conv2d/solution2/.autopilot/db/a.g.1 E:/vivado/conv2d/conv2d/solution2/.autopilot/db/a.g.1 
Execute           is_encrypted E:/vivado/conv2d/conv2d/solution2/.autopilot/db/a.g.1.bc 
Command           is_encrypted returned 0; 0.007 sec.
Command         disassemble returned 0; 0.025 sec.
INFO: [HLS 200-111] Finished Standard Transforms Time (s): cpu = 00:00:01 ; elapsed = 00:00:06 . Memory (MB): peak = 103.320 ; gain = 47.270
INFO: [HLS 200-10] Checking synthesizability ...
INFO: [HLS 200-0] Checking Synthesizability 1/2..
Execute         transform -hls -syn-check -check-rec-only -disaggr -scalarrepl -norm-name -dce -mem2reg -instcombine -function-uniquify -directive-preproc -mem2reg -dse -dce -auto-rom-infer -dce -array-normalize -instcombine -dce -warn-fifo-pointer -array-seg-normalize -instcombine -dce -array-flatten -instcombine -dce -array-burst -dce -deadargelim -promote-global-argument -simplifycfg -mem2reg -globaldce -resolve-double-ptr -dce -deadargelim -dce -instcombine -function-inline -globaldce -dce -doublePtrSimplify -doublePtrElim -dce -doublePtrSimplify -promote-dbg-pointer -dce -scalarrepl -dse -adse -instcombine -ptrLegalization -simplifycfg -dce -instcombine -pointer-simplify -ptrArgReplace -dce -instcombine -disaggr -scalarrepl -norm-name -dce -mem2reg -instcombine -ptrLegalization -simplifycfg -deadargelim -instcombine -dce -inst-simplify -function-uniquify -directive-preproc -mem2reg -dse -dce -globaldce E:/vivado/conv2d/conv2d/solution2/.autopilot/db/a.g.1.bc -o E:/vivado/conv2d/conv2d/solution2/.autopilot/db/a.g.2.prechk.bc -f 
Command         transform returned 0; 0.022 sec.
INFO: [HLS 200-0] Checking Synthesizability 2/2..
Execute         transform -syn-check E:/vivado/conv2d/conv2d/solution2/.autopilot/db/a.g.2.prechk.bc -o E:/vivado/conv2d/conv2d/solution2/.autopilot/db/a.g.2.bc -f -phase syn-check 
Command         transform returned 0; 0.007 sec.
INFO: [HLS 200-111] Finished Checking Synthesizability Time (s): cpu = 00:00:01 ; elapsed = 00:00:06 . Memory (MB): peak = 103.539 ; gain = 47.488
INFO: [HLS 200-0] Compiler optimizing ...
INFO: [HLS 200-0] Share syncheck's 1.bc for syn flow: copy E:/vivado/conv2d/conv2d/solution2/.autopilot/db/a.g.1.bc to E:/vivado/conv2d/conv2d/solution2/.autopilot/db/a.o.1.bc
INFO: [HLS 200-0] Presyn 1...
Execute         transform -hls -tmp E:/vivado/conv2d/conv2d/solution2/.autopilot/db -interface-port-rename -type-info -function-uniquify -directive-preproc -mem2reg -dse -dce -disaggr -scalarrepl -norm-name -deadargelim -mem2reg -instcombine -dce -simplifycfg -auto-rom-infer -dce -function-uniquify -resource-proc -simplifycfg -mem2reg -globaldce -resolve-double-ptr -dce -deadargelim -dce -instcombine -clib-intrinsic-prepare -dce -func-buffer -dce -array-normalize -func-legal -instcombine -gvn -constprop -dce -ptrArgReplace -mem2reg -instcombine -dce -array-seg-normalize -deadargelim -instcombine -dce -pointer-simplify -dce -port-alignment -dce -interface-preproc -data-pack -instcombine -dce -basicaa -aggr-aa -aggrmodref-aa -aggr-aa -gvn -gvn -basicaa -aggr-aa -aggrmodref-aa -aggr-aa -dse -adse -adce -loop-simplify -indvars -instcombine -gvn -loop-simplify -mem2reg -dce -find-region -instcombine -auto-loop-pipeline -inst-simplify -interface-preproc -cfgopt -instcombine -indvars -auto-loop-unroll -loop-simplify -loop-bound -xunroll -constprop -instcombine -simplifycfg -indvars -simplifycfg -dce -globaldce -clean-region -attach-range -gvn -inst-simplify -constprop -simplifycfg -dce -pointer-simplify -dce -globalopt -constprop -dce -array-promote -constprop -instcombine -dce -ptrArgReplace -mem2reg -instcombine -simplifycfg -dce -auto-par -instcombine -dce -array-transform-check -array-reshape -instcombine -simplifycfg -dce -ptrArgReplace -deadargelim -mem2reg -instcombine -simplifycfg -dce -indvars -loop-simplify -loop-bound -xunroll -constprop -instcombine -simplifycfg -indvars -simplifycfg -dce -globaldce -duplicate-dataflow-processes -globaldce -instcombine -array-partition -instcombine -simplifycfg -dce -ptrArgReplace -global-constprop -deadargelim -mem2reg -func-legal -instcombine -dce -global-constprop -deadargelim -mem2reg -instcombine -simplifycfg -dce -merge-param -deadargelim -globalopt -constprop -dce -array-promote -constprop -instcombine -dce -ptrArgReplace -mem2reg -instcombine -simplifycfg -dce -mem-intrinsic-preproc -dce -global-privatize -mem2reg -globaldce -promote-global-argument -ptrArgReplace -mem2reg -instcombine -dce -globalopt -mergereturn -simplify-global-access -mem2reg -dce -pointer-simplify -dce -functionattrs -basicaa -aggr-aa -aggrmodref-aa -aggr-aa -gvn -gvn -basicaa -aggr-aa -aggrmodref-aa -aggr-aa -dse -adse -adce -inst-simplify -dce -norm-name -function-inline -globaldce -func-inst -constprop -instcombine -simplifycfg -dce -func-legal -dce -loop-bound -arraycheck -bitwidthmin -on-by-dataflow -loop-delete -instcombine -simplifycfg -globaldce -dce -gvn -deadargelim -dce -loop-simplify -clean-region -simplifycfg -propagate-stable-arguments -loop-stream -instcombine -simplifycfg -dce -globaldce -duplicate-dataflow-processes -stream-intrinsic-preproc -dce -check-ap-stream -loop-simplify -eliminate-keepreads -extract-dataflow-in-loop -loop-simplify -dce -gvn -deadargelim -dse -check-dataflow-syntax -legalize-stream-variable -legalize-global -extract-subproc -dce -dead-channel-elimination -canonicalize-gep -globaldce -dce -gvn -deadargelim -annotate-dataflow-channels -scalar-propagation -deadargelim -globaldce -mem2reg -check-dataflow-channels -function-stream -dce -globaldce -prop-fifo-spec -internal-stream-gen -canonicalize-gep -globaldce -dce -gvn -deadargelim -mergereturn -indvars -loop-simplify -instcombine -array-stream -array-seg-normalize -array-partition -func-legal -instcombine -simplifycfg -dce -bundle-memfifo-ops -deadargelim -function-uniquify -directive-preproc -mem2reg -dse -dce -group-axi-access -licm -simplifycfg -dce -loop-delete -norm-name E:/vivado/conv2d/conv2d/solution2/.autopilot/db/a.o.1.bc -o E:/vivado/conv2d/conv2d/solution2/.autopilot/db/a.o.1.tmp.bc -f 
INFO: [XFORM 203-502] Unrolling all sub-loops inside loop 'Product' (conv2d.cpp:14) in function 'conv2d' for pipelining.
INFO: [XFORM 203-501] Unrolling loop 'Product2' (conv2d.cpp:15) in function 'conv2d' completely.
INFO: [XFORM 203-101] Partitioning array 'res' (conv2d.cpp:6) in dimension 2 completely.
INFO: [XFORM 203-101] Partitioning array 'b' (conv2d.cpp:5) in dimension 2 completely.
INFO: [XFORM 203-101] Partitioning array 'a' (conv2d.cpp:4) in dimension 2 completely.
Command         transform returned 0; 0.13 sec.
Execute         disassemble E:/vivado/conv2d/conv2d/solution2/.autopilot/db/a.o.1.tmp E:/vivado/conv2d/conv2d/solution2/.autopilot/db/a.o.1.tmp 
Execute           is_encrypted E:/vivado/conv2d/conv2d/solution2/.autopilot/db/a.o.1.tmp.bc 
Command           is_encrypted returned 0; 0.008 sec.
Command         disassemble returned 0; 0.027 sec.
INFO: [HLS 200-0] Presyn 2...
Execute         transform -hls -keep-callgraph -scalarrepl -mem2reg -port-alignment -attach-range -dce -pipe-mux-gen -indvars -loop-bound -inst-simplify -instcombine -dce -merge-array-access -mem2reg -dce -clean-region -mergereturn -if-conv -instcombine -dce -constprop -basicaa -aggr-aa -aggrmodref-aa -aggr-aa -gvn -gvn -basicaa -aggr-aa -aggrmodref-aa -aggr-aa -dse -adse -adce -scalarrepl -mem2reg -global-constprop -deadargelim -deadargelim -instcombine -dce -simplifycfg -ptrArgReplace -mem2reg -function-inline -globaldce -mem2reg -instcombine -dce -expr-balance -instcombine -dce -bitwidthmin -interface-preproc -directive-preproc -inst-rectify -instcombine -dce -functionattrs -constprop -instcombine -bit-constprop -simplify-global-access -globalopt -globaldce -inst-simplify -instcombine -elimdeaddata -dce -loop-delete -simplifycfg -loop-simplify -auto-burst -norm-name E:/vivado/conv2d/conv2d/solution2/.autopilot/db/a.o.1.tmp.bc -o E:/vivado/conv2d/conv2d/solution2/.autopilot/db/a.o.2.bc -f -phase presyn 
Command         transform returned 0; 0.065 sec.
Execute         disassemble E:/vivado/conv2d/conv2d/solution2/.autopilot/db/a.o.2 E:/vivado/conv2d/conv2d/solution2/.autopilot/db/a.o.2 
Execute           is_encrypted E:/vivado/conv2d/conv2d/solution2/.autopilot/db/a.o.2.bc 
Command           is_encrypted returned 0; 0.006 sec.
Command         disassemble returned 0; 0.025 sec.
INFO: [HLS 200-111] Finished Pre-synthesis Time (s): cpu = 00:00:01 ; elapsed = 00:00:07 . Memory (MB): peak = 125.418 ; gain = 69.367
INFO: [HLS 200-0] Building ssdm...
Execute         transform -hls -function-uniquify -auto-function-inline -globaldce -ptrArgReplace -mem2reg -instcombine -dce -reset-lda -loop-simplify -indvars -licm -loop-dep -loop-bound -licm -loop-simplify -flattenloopnest -array-flatten -gvn -instcombine -dce -array-map -dce -func-legal -gvn -adce -instcombine -cfgopt -simplifycfg -loop-simplify -array-burst -promote-global-argument -dce -axi4-lower -array-seg-normalize -basicaa -aggrmodref-aa -globalsmodref-aa -aggr-aa -gvn -gvn -basicaa -aggrmodref-aa -globalsmodref-aa -aggr-aa -dse -adse -adce -licm -inst-simplify -dce -globaldce -instcombine -array-stream -eliminate-keepreads -instcombine -dce -deadargelim -doublePtrSimplify -doublePtrElim -dce -doublePtrSimplify -promote-dbg-pointer -dce -scalarrepl -mem2reg -disaggr -norm-name -mem2reg -instcombine -dse -adse -adce -ptrLegalization -dce -auto-rom-infer -array-flatten -dce -instcombine -check-doubleptr -loop-rot -constprop -cfgopt -simplifycfg -loop-simplify -indvars -pointer-simplify -dce -loop-bound -loop-simplify -loop-preproc -constprop -global-constprop -gvn -mem2reg -instcombine -dce -loop-bound -loop-merge -dce -bitwidthmin -deadargelim -dce -canonicalize-dataflow -dce -scalar-propagation -deadargelim -globaldce -mem2reg -interface-preproc -directive-preproc -interface-gen -bram-byte-enable -deadargelim -inst-simplify -dce -gvn -mem2reg -instcombine -dce -adse -loop-bound -instcombine -cfgopt -simplifycfg -loop-simplify -clean-region -io-protocol -find-region -mem2reg -bitop-raise -inst-simplify -inst-rectify -instcombine -adce -deadargelim -loop-simplify -phi-opt -bitop-raise -cfgopt -simplifycfg -strip-dead-prototypes -interface-lower -bitop-lower -intrinsic-lower -auto-function-inline -basicaa -aggrmodref-aa -globalsmodref-aa -aggr-aa -inst-simplify -simplifycfg -loop-simplify -mergereturn -inst-simplify -inst-rectify -dce -bitop-lower -loop-rewind -pointer-simplify -dce -cfgopt -read-loop-dep -dce -bitwidth -loop-dep -check-stream -norm-name -legalize -validate-dataflow -cdfg-build E:/vivado/conv2d/conv2d/solution2/.autopilot/db/a.o.2.bc -o E:/vivado/conv2d/conv2d/solution2/.autopilot/db/a.o.3.bc -f -phase build-ssdm 
                         Cannot flatten a loop nest 'Col' (conv2d.cpp:11:48) in function 'conv2d' : 

the outer loop is not a perfect loop because there is nontrivial logic before entering the inner loop.
INFO: [XFORM 203-541] Flattening a loop nest 'Row' (conv2d.cpp:9:46) in function 'conv2d'.
Command         transform returned 0; 0.112 sec.
Execute         disassemble E:/vivado/conv2d/conv2d/solution2/.autopilot/db/a.o.3 E:/vivado/conv2d/conv2d/solution2/.autopilot/db/a.o.3 
Execute           is_encrypted E:/vivado/conv2d/conv2d/solution2/.autopilot/db/a.o.3.bc 
Command           is_encrypted returned 0; 0.006 sec.
Command         disassemble returned 0; 0.026 sec.
INFO: [HLS 200-111] Finished Architecture Synthesis Time (s): cpu = 00:00:01 ; elapsed = 00:00:07 . Memory (MB): peak = 125.418 ; gain = 69.367
INFO: [HLS 200-0] Finish building internal data model.
Command       opt_and_import_c returned 0; 0.817 sec.
Command     elaborate returned 0; 5.876 sec.
Execute     autosyn 
INFO: [HLS 200-10] Starting hardware synthesis ...
INFO: [HLS 200-0] Synthesizing C/C++ design ...
INFO: [HLS 200-10] Synthesizing 'conv2d' ...
Execute       ap_set_top_model conv2d 
Command       ap_set_top_model returned 0; 0 sec.
Execute       get_model_list conv2d -filter all-wo-channel -topdown 
Command       get_model_list returned 0; 0 sec.
Execute       preproc_iomode -model conv2d 
Command       preproc_iomode returned 0; 0.001 sec.
Execute       get_model_list conv2d -filter all-wo-channel 
Command       get_model_list returned 0; 0 sec.
INFO: [HLS 200-0] Model list for configure: conv2d
INFO: [HLS 200-0] Configuring Module : conv2d ...
Execute       set_default_model conv2d 
Command       set_default_model returned 0; 0 sec.
Execute       apply_spec_resource_limit conv2d 
Command       apply_spec_resource_limit returned 0; 0 sec.
INFO: [HLS 200-0] Model list for preprocess: conv2d
INFO: [HLS 200-0] Preprocessing Module: conv2d ...
Execute       set_default_model conv2d 
Command       set_default_model returned 0; 0 sec.
Execute       cdfg_preprocess -model conv2d 
Command       cdfg_preprocess returned 0; 0.003 sec.
Execute       rtl_gen_preprocess conv2d 
Command       rtl_gen_preprocess returned 0; 0 sec.
INFO: [HLS 200-0] Model list for synthesis: conv2d
INFO: [HLS 200-10] ----------------------------------------------------------------
INFO: [HLS 200-42] -- Implementing module 'conv2d'
INFO: [HLS 200-10] ----------------------------------------------------------------
Execute       set_default_model conv2d 
Command       set_default_model returned 0; 0 sec.
Execute       schedule -model conv2d 
INFO: [SCHED 204-11] Starting scheduling ...
INFO: [SCHED 204-61] Pipelining loop 'Product'.
WARNING: [SCHED 204-68] Unable to enforce a carried dependence constraint (II = 1, distance = 1, offset = 1)
   between 'store' operation (conv2d.cpp:16) of variable 'tmp_2', conv2d.cpp:16 on array 'res_0' and 'load' operation ('res_0_load', conv2d.cpp:13) on array 'res_0'.
WARNING: [SCHED 204-68] Unable to enforce a carried dependence constraint (II = 2, distance = 1, offset = 1)
   between 'store' operation (conv2d.cpp:16) of variable 'tmp_14_1', conv2d.cpp:16 on array 'res_0' and 'load' operation ('res_0_load', conv2d.cpp:13) on array 'res_0'.
WARNING: [SCHED 204-68] Unable to enforce a carried dependence constraint (II = 3, distance = 1, offset = 1)
   between 'store' operation (conv2d.cpp:16) of variable 'tmp_14_2', conv2d.cpp:16 on array 'res_0' and 'load' operation ('res_0_load', conv2d.cpp:13) on array 'res_0'.
INFO: [SCHED 204-61] Pipelining result : Target II = 1, Final II = 4, Depth = 5.
INFO: [SCHED 204-11] Finished scheduling.
Command       schedule returned 0; 0.13 sec.
INFO: [HLS 200-111]  Elapsed time: 6.888 seconds; current allocated memory: 76.085 MB.
Execute       report -o E:/vivado/conv2d/conv2d/solution2/.autopilot/db/conv2d.verbose.sched.rpt -verbose -f 
Command       report returned 0; 0.035 sec.
Execute       db_write -o E:/vivado/conv2d/conv2d/solution2/.autopilot/db/conv2d.sched.adb -f 
Command       db_write returned 0; 0.019 sec.
INFO: [HLS 200-0] Finish scheduling conv2d.
Execute       set_default_model conv2d 
Command       set_default_model returned 0; 0 sec.
Execute       bind -model conv2d 
INFO: [BIND 205-110] clear=
INFO: [BIND 205-110] debug=
INFO: [BIND 205-110] drf=
INFO: [BIND 205-110] effort=
INFO: [BIND 205-110] fast_refine=
INFO: [BIND 205-110] fu_weight=[ 0.0 -- 1.0 ]
INFO: [BIND 205-110] global_opt=
INFO: [BIND 205-110] gsearch=
INFO: [BIND 205-110] help=
INFO: [BIND 205-110] help-hidden=
INFO: [BIND 205-110] min_mem_port=
INFO: [BIND 205-110] min_op=
INFO: [BIND 205-110] minreg=
INFO: [BIND 205-110] ml=
INFO: [BIND 205-110] model=conv2d
INFO: [BIND 205-110] no_false_path=
INFO: [BIND 205-110] no_min_op=
INFO: [BIND 205-110] normalize=
INFO: [BIND 205-110] quiet=
INFO: [BIND 205-110] refine=
INFO: [BIND 205-110] reg_weight=[ 0.0 -- 1.0 ]
INFO: [BIND 205-110] search=
INFO: [BIND 205-110] tight_delay=
INFO: [BIND 205-110] verbose=
INFO: [BIND 205-110] wFF=
INFO: [BIND 205-110] wFU=
INFO: [BIND 205-110] wMUX=
INFO: [BIND 205-110] wNET=
INFO: [BIND 205-100] Starting micro-architecture generation ...
INFO: [BIND 205-101] Performing variable lifetime analysis.
INFO: [BIND 205-101] Exploring resource sharing.
INFO: [BIND 205-101] Binding ...
INFO: [BIND 205-100] Finished micro-architecture generation.
Command       bind returned 0; 0.048 sec.
INFO: [HLS 200-111]  Elapsed time: 0.108 seconds; current allocated memory: 76.459 MB.
Execute       report -o E:/vivado/conv2d/conv2d/solution2/.autopilot/db/conv2d.verbose.bind.rpt -verbose -f 
Command       report returned 0; 0.036 sec.
Execute       db_write -o E:/vivado/conv2d/conv2d/solution2/.autopilot/db/conv2d.bind.adb -f 
Command       db_write returned 0; 0.023 sec.
INFO: [HLS 200-0] Finish binding conv2d.
Execute       get_model_list conv2d -filter all-wo-channel 
Command       get_model_list returned 0; 0 sec.
INFO: [HLS 200-0] Preprocessing for RTLGen ...
Execute       rtl_gen_preprocess conv2d 
Command       rtl_gen_preprocess returned 0; 0.001 sec.
INFO: [HLS 200-0] Model list for RTL generation: conv2d
INFO: [HLS 200-10] ----------------------------------------------------------------
INFO: [HLS 200-10] -- Generating RTL for module 'conv2d'
INFO: [HLS 200-10] ----------------------------------------------------------------
Execute       create_rtl_model conv2d -vendor xilinx -mg_file E:/vivado/conv2d/conv2d/solution2/.autopilot/db/conv2d.compgen.tcl 
INFO: [RTGEN 206-500] Setting interface mode on port 'conv2d/a_0' to 'ap_memory'.
INFO: [RTGEN 206-500] Setting interface mode on port 'conv2d/a_1' to 'ap_memory'.
INFO: [RTGEN 206-500] Setting interface mode on port 'conv2d/a_2' to 'ap_memory'.
INFO: [RTGEN 206-500] Setting interface mode on port 'conv2d/a_3' to 'ap_memory'.
INFO: [RTGEN 206-500] Setting interface mode on port 'conv2d/a_4' to 'ap_memory'.
INFO: [RTGEN 206-500] Setting interface mode on port 'conv2d/b_0' to 'ap_memory'.
INFO: [RTGEN 206-500] Setting interface mode on port 'conv2d/b_1' to 'ap_memory'.
INFO: [RTGEN 206-500] Setting interface mode on port 'conv2d/b_2' to 'ap_memory'.
INFO: [RTGEN 206-500] Setting interface mode on port 'conv2d/res_0' to 'ap_memory'.
INFO: [RTGEN 206-500] Setting interface mode on port 'conv2d/res_1' to 'ap_memory'.
INFO: [RTGEN 206-500] Setting interface mode on port 'conv2d/res_2' to 'ap_memory'.
INFO: [RTGEN 206-500] Setting interface mode on function 'conv2d' to 'ap_ctrl_hs'.
INFO: [SYN 201-210] Renamed object name 'conv2d_mux_32_16_1_1' to 'conv2d_mux_32_16_bkb' due to the length limit 20
INFO: [SYN 201-210] Renamed object name 'conv2d_mac_muladd_8s_8s_16ns_16_1_1' to 'conv2d_mac_muladdcud' due to the length limit 20
INFO: [SYN 201-210] Renamed object name 'conv2d_mac_muladd_8s_8s_16s_16_1_1' to 'conv2d_mac_muladddEe' due to the length limit 20
INFO: [RTGEN 206-100] Generating core module 'conv2d_mac_muladdcud': 1 instance(s).
INFO: [RTGEN 206-100] Generating core module 'conv2d_mac_muladddEe': 2 instance(s).
INFO: [RTGEN 206-100] Generating core module 'conv2d_mux_32_16_bkb': 1 instance(s).
INFO: [RTGEN 206-100] Finished creating RTL model for 'conv2d'.
Command       create_rtl_model returned 0; 0.21 sec.
INFO: [HLS 200-111]  Elapsed time: 0.302 seconds; current allocated memory: 77.180 MB.
Execute       source E:/vivado/conv2d/conv2d/solution2/.autopilot/db/conv2d.rtl_wrap.cfg.tcl 
Command       ap_source returned 0; 0.001 sec.
Execute       gen_rtl conv2d -istop -style xilinx -tracefl mytrace -tracefmt vcd -traceopt all -f -lang sc -o E:/vivado/conv2d/conv2d/solution2/syn/systemc/conv2d -synmodules conv2d 
Command       gen_rtl returned 0; 0.003 sec.
Execute       gen_rtl conv2d -istop -style xilinx -f -lang vhdl -o E:/vivado/conv2d/conv2d/solution2/syn/vhdl/conv2d 
Command       gen_rtl returned 0; 0.015 sec.
Execute       gen_rtl conv2d -istop -style xilinx -f -lang vlog -o E:/vivado/conv2d/conv2d/solution2/syn/verilog/conv2d 
Command       gen_rtl returned 0; 0.008 sec.
Execute       export_constraint_db -o E:/vivado/conv2d/conv2d/solution2/.autopilot/db/conv2d.constraint.tcl -f -tool general 
Command       export_constraint_db returned 0; 0 sec.
Execute       report -model conv2d -o E:/vivado/conv2d/conv2d/solution2/.autopilot/db/conv2d.design.xml -verbose -f -dv 
Command       report returned 0; 0.013 sec.
Execute       report -model conv2d -o E:/vivado/conv2d/conv2d/solution2/.autopilot/db/conv2d.sdaccel.xml -verbose -f -sdaccel 
Command       report returned 0; 0.021 sec.
Execute       gen_tb_info conv2d -o E:/vivado/conv2d/conv2d/solution2/.autopilot/db/conv2d -p E:/vivado/conv2d/conv2d/solution2/.autopilot/db 
Command       gen_tb_info returned 0; 0.003 sec.
Execute       report -model conv2d -o E:/vivado/conv2d/conv2d/solution2/syn/report/conv2d_csynth.rpt -f 
Command       report returned 0; 0.014 sec.
Execute       report -model conv2d -o E:/vivado/conv2d/conv2d/solution2/syn/report/conv2d_csynth.xml -f -x 
Command       report returned 0; 0.007 sec.
Execute       report -model conv2d -o E:/vivado/conv2d/conv2d/solution2/.autopilot/db/conv2d.verbose.rpt -verbose -f 
Command       report returned 0; 0.046 sec.
Execute       db_write -model conv2d -o E:/vivado/conv2d/conv2d/solution2/.autopilot/db/conv2d.adb -f 
Command       db_write returned 0; 0.04 sec.
Execute       sc_get_clocks conv2d 
Command       sc_get_clocks returned 0; 0 sec.
Execute       sc_get_portdomain conv2d 
Command       sc_get_portdomain returned 0; 0 sec.
INFO: [HLS 200-0] Model list for RTL component generation: conv2d
INFO: [HLS 200-0] Handling components in module [conv2d] ... 
Execute       source E:/vivado/conv2d/conv2d/solution2/.autopilot/db/conv2d.compgen.tcl 
INFO: [HLS 200-0] Found component conv2d_mux_32_16_bkb.
INFO: [HLS 200-0] Append model conv2d_mux_32_16_bkb
INFO: [HLS 200-0] Found component conv2d_mac_muladdcud.
INFO: [HLS 200-0] Append model conv2d_mac_muladdcud
INFO: [HLS 200-0] Found component conv2d_mac_muladddEe.
INFO: [HLS 200-0] Append model conv2d_mac_muladddEe
Command       ap_source returned 0; 0.002 sec.
INFO: [HLS 200-0] Append model conv2d
INFO: [HLS 200-0] Generating RTL model list ...
INFO: [HLS 200-0] All models in this session: conv2d_mux_32_16_bkb conv2d_mac_muladdcud conv2d_mac_muladddEe conv2d
INFO: [HLS 200-0] To file: write model conv2d_mux_32_16_bkb
INFO: [HLS 200-0] To file: write model conv2d_mac_muladdcud
INFO: [HLS 200-0] To file: write model conv2d_mac_muladddEe
INFO: [HLS 200-0] To file: write model conv2d
INFO: [HLS 200-0] Finished generating RTL model list.


INFO: [HLS 200-0] RTL Generation done.
INFO: [HLS 200-0] CAS Generation done.
INFO: [HLS 200-0] CBC Generation done.
Execute       export_ssdm E:/vivado/conv2d/conv2d/solution2/.autopilot/db/a.export.ll 
Command       export_ssdm returned 0; 0.001 sec.
Execute       source E:/vivado/conv2d/conv2d/solution2/.autopilot/db/global.setting.tcl 
Command       ap_source returned 0; 0.001 sec.
Execute       source E:/Xilinx/Vivado/2018.1/common/technology/generic/autopilot/common.gen 
Execute         source E:/Xilinx/Vivado/2018.1/common/technology/generic/autopilot/APCoreGen.gen 
Command         ap_source returned 0; 0.001 sec.
Command       ap_source returned 0; 0.001 sec.
Execute       source E:/Xilinx/Vivado/2018.1/common/technology/generic/autopilot/op.gen 
Command       ap_source returned 0; 0.001 sec.
Execute       source E:/Xilinx/Vivado/2018.1/common/technology/generic/autopilot/op_simcore.gen 
Command       ap_source returned 0; 0.001 sec.
Execute       source E:/Xilinx/Vivado/2018.1/common/technology/generic/autopilot/interface.gen 
Command       ap_source returned 0; 0 sec.
Execute       source E:/vivado/conv2d/conv2d/solution2/.autopilot/db/global.setting.tcl 
Command       ap_source returned 0; 0.001 sec.
Execute       source E:/Xilinx/Vivado/2018.1/common/technology/xilinx/zynq/zynq.gen 
Execute         source E:/Xilinx/Vivado/2018.1/common/technology/xilinx/common/virtex.gen 
Execute           source E:/Xilinx/Vivado/2018.1/common/technology/xilinx/common/xilinx.gen 
Execute             source E:/Xilinx/Vivado/2018.1/common/technology/xilinx/interface/plb46.gen 
Command             ap_source returned 0; 0.001 sec.
Execute             source E:/Xilinx/Vivado/2018.1/common/technology/xilinx/interface/fsl.gen 
Command             ap_source returned 0; 0.001 sec.
Execute             source E:/Xilinx/Vivado/2018.1/common/technology/xilinx/interface/axi4.gen 
Command             ap_source returned 0; 0.002 sec.
Execute             source E:/Xilinx/Vivado/2018.1/common/technology/xilinx/interface/nativeAXI4.gen 
Execute               source E:/Xilinx/Vivado/2018.1/common/technology/xilinx/interface/saxilite.gen 
Command               ap_source returned 0; 0.003 sec.
Execute               source E:/Xilinx/Vivado/2018.1/common/technology/xilinx/interface/maxi.gen 
Command               ap_source returned 0; 0.007 sec.
Command             ap_source returned 0; 0.01 sec.
Execute             source E:/Xilinx/Vivado/2018.1/common/technology/xilinx/scripts/xilinxcoregen.gen 
Command             ap_source returned 0; 0.011 sec.
Execute             source E:/Xilinx/Vivado/2018.1/common/technology/xilinx/interface/XilEDKCoreGen.gen 
Command             ap_source returned 0; 0.007 sec.
Execute             source E:/Xilinx/Vivado/2018.1/common/technology/xilinx/ip/dds_compiler.gen 
Command             ap_source returned 0; 0.003 sec.
Execute             source E:/Xilinx/Vivado/2018.1/common/technology/xilinx/ip/util.gen 
Command             ap_source returned 0; 0 sec.
Execute             source E:/Xilinx/Vivado/2018.1/common/technology/xilinx/ip/xfft.gen 
Command             ap_source returned 0; 0.073 sec.
Execute             source E:/Xilinx/Vivado/2018.1/common/technology/xilinx/ip/xfir.gen 
Command             ap_source returned 0; 0.001 sec.
Command           ap_source returned 0; 0.109 sec.
Execute           source E:/Xilinx/Vivado/2018.1/common/technology/xilinx/common/dsp48.gen 
Command           ap_source returned 0; 0.001 sec.
Command         ap_source returned 0; 0.112 sec.
Command       ap_source returned 0; 0.112 sec.
Execute       source E:/Xilinx/Vivado/2018.1/common/technology/xilinx/zynq/zynq_fpv6.gen 
Execute         source E:/Xilinx/Vivado/2018.1/common/technology/xilinx/common/xilinx_fpv6.gen 
Command         ap_source returned 0; 0.002 sec.
Command       ap_source returned 0; 0.002 sec.
Execute       source E:/vivado/conv2d/conv2d/solution2/.autopilot/db/global.setting.tcl 
Command       ap_source returned 0; 0 sec.
Execute       source E:/vivado/conv2d/conv2d/solution2/.autopilot/db/global.setting.tcl 
Command       ap_source returned 0; 0 sec.
Execute       source E:/vivado/conv2d/conv2d/solution2/.autopilot/db/global.setting.tcl 
Command       ap_source returned 0; 0.002 sec.
Execute       source E:/vivado/conv2d/conv2d/solution2/.autopilot/db/conv2d.compgen.tcl 
Command       ap_source returned 0; 0.042 sec.
Execute       source E:/vivado/conv2d/conv2d/solution2/.autopilot/db/global.setting.tcl 
Command       ap_source returned 0; 0.001 sec.
Execute       source E:/Xilinx/Vivado/2018.1/common/technology/generic/autopilot/common.gen 
Execute         source E:/Xilinx/Vivado/2018.1/common/technology/generic/autopilot/APCoreGen.gen 
Command         ap_source returned 0; 0.001 sec.
Command       ap_source returned 0; 0.001 sec.
Execute       source E:/Xilinx/Vivado/2018.1/common/technology/generic/autopilot/op.gen 
Command       ap_source returned 0; 0.001 sec.
Execute       source E:/Xilinx/Vivado/2018.1/common/technology/generic/autopilot/op_simcore.gen 
Command       ap_source returned 0; 0.001 sec.
Execute       source E:/Xilinx/Vivado/2018.1/common/technology/generic/autopilot/interface.gen 
Command       ap_source returned 0; 0 sec.
Execute       source E:/vivado/conv2d/conv2d/solution2/.autopilot/db/global.setting.tcl 
Command       ap_source returned 0; 0.001 sec.
Execute       source E:/Xilinx/Vivado/2018.1/common/technology/xilinx/zynq/zynq.gen 
Execute         source E:/Xilinx/Vivado/2018.1/common/technology/xilinx/common/virtex.gen 
Execute           source E:/Xilinx/Vivado/2018.1/common/technology/xilinx/common/xilinx.gen 
Execute             source E:/Xilinx/Vivado/2018.1/common/technology/xilinx/interface/plb46.gen 
Command             ap_source returned 0; 0.001 sec.
Execute             source E:/Xilinx/Vivado/2018.1/common/technology/xilinx/interface/fsl.gen 
Command             ap_source returned 0; 0.001 sec.
Execute             source E:/Xilinx/Vivado/2018.1/common/technology/xilinx/interface/axi4.gen 
Command             ap_source returned 0; 0.001 sec.
Execute             source E:/Xilinx/Vivado/2018.1/common/technology/xilinx/interface/nativeAXI4.gen 
Execute               source E:/Xilinx/Vivado/2018.1/common/technology/xilinx/interface/saxilite.gen 
Command               ap_source returned 0; 0.003 sec.
Execute               source E:/Xilinx/Vivado/2018.1/common/technology/xilinx/interface/maxi.gen 
Command               ap_source returned 0; 0.007 sec.
Command             ap_source returned 0; 0.011 sec.
Execute             source E:/Xilinx/Vivado/2018.1/common/technology/xilinx/scripts/xilinxcoregen.gen 
Command             ap_source returned 0; 0.011 sec.
Execute             source E:/Xilinx/Vivado/2018.1/common/technology/xilinx/interface/XilEDKCoreGen.gen 
Command             ap_source returned 0; 0.007 sec.
Execute             source E:/Xilinx/Vivado/2018.1/common/technology/xilinx/ip/dds_compiler.gen 
Command             ap_source returned 0; 0.002 sec.
Execute             source E:/Xilinx/Vivado/2018.1/common/technology/xilinx/ip/util.gen 
Command             ap_source returned 0; 0.001 sec.
Execute             source E:/Xilinx/Vivado/2018.1/common/technology/xilinx/ip/xfft.gen 
Command             ap_source returned 0; 0.073 sec.
Execute             source E:/Xilinx/Vivado/2018.1/common/technology/xilinx/ip/xfir.gen 
Command             ap_source returned 0; 0.001 sec.
Command           ap_source returned 0; 0.11 sec.
Execute           source E:/Xilinx/Vivado/2018.1/common/technology/xilinx/common/dsp48.gen 
Command           ap_source returned 0; 0.001 sec.
Command         ap_source returned 0; 0.113 sec.
Command       ap_source returned 0; 0.113 sec.
Execute       source E:/Xilinx/Vivado/2018.1/common/technology/xilinx/zynq/zynq_fpv6.gen 
Execute         source E:/Xilinx/Vivado/2018.1/common/technology/xilinx/common/xilinx_fpv6.gen 
Command         ap_source returned 0; 0.002 sec.
Command       ap_source returned 0; 0.002 sec.
Execute       source E:/vivado/conv2d/conv2d/solution2/.autopilot/db/conv2d.rtl_wrap.cfg.tcl 
Command       ap_source returned 0; 0 sec.
Execute       source E:/vivado/conv2d/conv2d/solution2/.autopilot/db/conv2d.rtl_wrap.cfg.tcl 
Command       ap_source returned 0; 0.001 sec.
Execute       source E:/vivado/conv2d/conv2d/solution2/.autopilot/db/conv2d.rtl_wrap.cfg.tcl 
Command       ap_source returned 0; 0.001 sec.
Execute       source E:/vivado/conv2d/conv2d/solution2/.autopilot/db/conv2d.tbgen.tcl 
Command       ap_source returned 0; 0 sec.
Execute       source E:/vivado/conv2d/conv2d/solution2/.autopilot/db/conv2d.tbgen.tcl 
Command       ap_source returned 0; 0 sec.
Execute       source E:/vivado/conv2d/conv2d/solution2/.autopilot/db/global.setting.tcl 
Command       ap_source returned 0; 0 sec.
Execute       source E:/vivado/conv2d/conv2d/solution2/.autopilot/db/conv2d.compgen.tcl 
Command       ap_source returned 0; 0.001 sec.
Execute       source E:/vivado/conv2d/conv2d/solution2/.autopilot/db/global.setting.tcl 
Command       ap_source returned 0; 0 sec.
Execute       source E:/vivado/conv2d/conv2d/solution2/.autopilot/db/conv2d.compgen.tcl 
Execute         source E:/vivado/conv2d/conv2d/solution2/.autopilot/db/conv2d.tbgen.tcl 
Command         ap_source returned 0; 0.001 sec.
Execute         source E:/vivado/conv2d/conv2d/solution2/.autopilot/db/conv2d.tbgen.tcl 
Command         ap_source returned 0; 0 sec.
Execute         source E:/vivado/conv2d/conv2d/solution2/.autopilot/db/conv2d.tbgen.tcl 
Command         ap_source returned 0; 0 sec.
Execute         source E:/vivado/conv2d/conv2d/solution2/.autopilot/db/conv2d.tbgen.tcl 
Command         ap_source returned 0; 0.001 sec.
Execute         source E:/vivado/conv2d/conv2d/solution2/.autopilot/db/conv2d.tbgen.tcl 
Command         ap_source returned 0; 0 sec.
Execute         source E:/vivado/conv2d/conv2d/solution2/.autopilot/db/conv2d.tbgen.tcl 
Command         ap_source returned 0; 0 sec.
Execute         source E:/vivado/conv2d/conv2d/solution2/.autopilot/db/conv2d.tbgen.tcl 
Command         ap_source returned 0; 0 sec.
Execute         source E:/vivado/conv2d/conv2d/solution2/.autopilot/db/conv2d.tbgen.tcl 
Command         ap_source returned 0; 0.001 sec.
Execute         source E:/vivado/conv2d/conv2d/solution2/.autopilot/db/conv2d.tbgen.tcl 
Command         ap_source returned 0; 0 sec.
Execute         source E:/vivado/conv2d/conv2d/solution2/.autopilot/db/conv2d.tbgen.tcl 
Command         ap_source returned 0; 0.001 sec.
Execute         source E:/vivado/conv2d/conv2d/solution2/.autopilot/db/conv2d.tbgen.tcl 
Command         ap_source returned 0; 0 sec.
Command       ap_source returned 0; 0.09 sec.
Execute       source E:/vivado/conv2d/conv2d/solution2/.autopilot/db/global.setting.tcl 
Command       ap_source returned 0; 0.001 sec.
Execute       source E:/vivado/conv2d/conv2d/solution2/.autopilot/db/conv2d.compgen.tcl 
Command       ap_source returned 0; 0.001 sec.
Execute       source E:/vivado/conv2d/conv2d/solution2/.autopilot/db/global.setting.tcl 
Command       ap_source returned 0; 0.001 sec.
Execute       source E:/vivado/conv2d/conv2d/solution2/.autopilot/db/conv2d.constraint.tcl 
Command       ap_source returned 0; 0 sec.
Execute       source E:/vivado/conv2d/conv2d/solution2/.autopilot/db/conv2d.tbgen.tcl 
Command       ap_source returned 0; 0 sec.
Execute       source E:/vivado/conv2d/conv2d/solution2/.autopilot/db/global.setting.tcl 
Command       ap_source returned 0; 0.001 sec.
Execute       source E:/vivado/conv2d/conv2d/solution2/.autopilot/db/global.setting.tcl 
Command       ap_source returned 0; 0 sec.
Execute       source E:/vivado/conv2d/conv2d/solution2/.autopilot/db/global.setting.tcl 
Command       ap_source returned 0; 0 sec.
Execute       source E:/vivado/conv2d/conv2d/solution2/.autopilot/db/conv2d.tbgen.tcl 
Command       ap_source returned 0; 0.001 sec.
Execute       source E:/vivado/conv2d/conv2d/solution2/.autopilot/db/conv2d.tbgen.tcl 
Command       ap_source returned 0; 0.001 sec.
Execute       source E:/vivado/conv2d/conv2d/solution2/.autopilot/db/conv2d.tbgen.tcl 
Command       ap_source returned 0; 0 sec.
Execute       source E:/vivado/conv2d/conv2d/solution2/.autopilot/db/conv2d.tbgen.tcl 
Command       ap_source returned 0; 0.001 sec.
Execute       source E:/vivado/conv2d/conv2d/solution2/.autopilot/db/global.setting.tcl 
Command       ap_source returned 0; 0.001 sec.
Execute       source E:/vivado/conv2d/conv2d/solution2/.autopilot/db/conv2d.constraint.tcl 
Command       ap_source returned 0; 0.001 sec.
Execute       sc_get_clocks conv2d 
Command       sc_get_clocks returned 0; 0 sec.
Execute       source E:/vivado/conv2d/conv2d/solution2/.autopilot/db/global.setting.tcl 
Command       ap_source returned 0; 0.001 sec.
INFO: [HLS 200-111] Finished generating all RTL models Time (s): cpu = 00:00:02 ; elapsed = 00:00:09 . Memory (MB): peak = 128.781 ; gain = 72.730
INFO: [SYSC 207-301] Generating SystemC RTL for conv2d.
INFO: [VHDL 208-304] Generating VHDL RTL for conv2d.
INFO: [VLOG 209-307] Generating Verilog RTL for conv2d.
Command     autosyn returned 0; 1.992 sec.
Command   csynth_design returned 0; 7.869 sec.
Command ap_source returned 0; 8.273 sec.
Execute cleanup_all 
Command cleanup_all returned 0; 0.004 sec.
