==============================================================
File generated by Vivado(TM) HLS - High-Level Synthesis from C, C++ and SystemC
Version: 2018.1
Copyright (C) 1986-2018 Xilinx, Inc. All Rights Reserved.

==============================================================

INFO: [SYN 201-201] Setting up clock 'default' with a period of 10ns.
INFO: [HLS 200-10] Setting target device to 'xc7z020clg484-1'
INFO: [SYN 201-201] Setting up clock 'default' with a period of 10ns.
INFO: [HLS 200-10] Analyzing design file 'conv2d.cpp' ...
INFO: [HLS 200-10] Validating synthesis directives ...
INFO: [HLS 200-111] Finished Checking Pragmas Time (s): cpu = 00:00:01 ; elapsed = 00:00:05 . Memory (MB): peak = 101.559 ; gain = 44.543
INFO: [HLS 200-111] Finished Linking Time (s): cpu = 00:00:01 ; elapsed = 00:00:08 . Memory (MB): peak = 101.574 ; gain = 44.559
INFO: [HLS 200-10] Starting code transformations ...
INFO: [HLS 200-111] Finished Standard Transforms Time (s): cpu = 00:00:01 ; elapsed = 00:00:09 . Memory (MB): peak = 102.977 ; gain = 45.961
INFO: [HLS 200-10] Checking synthesizability ...
INFO: [HLS 200-111] Finished Checking Synthesizability Time (s): cpu = 00:00:01 ; elapsed = 00:00:09 . Memory (MB): peak = 103.215 ; gain = 46.199
INFO: [HLS 200-111] Finished Pre-synthesis Time (s): cpu = 00:00:01 ; elapsed = 00:00:09 . Memory (MB): peak = 123.152 ; gain = 66.137
INFO: [HLS 200-111] Finished Architecture Synthesis Time (s): cpu = 00:00:01 ; elapsed = 00:00:09 . Memory (MB): peak = 123.152 ; gain = 66.137
INFO: [HLS 200-10] Starting hardware synthesis ...
INFO: [HLS 200-10] Synthesizing 'conv2d' ...
INFO: [HLS 200-10] ----------------------------------------------------------------
INFO: [HLS 200-42] -- Implementing module 'conv2d'
INFO: [HLS 200-10] ----------------------------------------------------------------
INFO: [SCHED 204-11] Starting scheduling ...
INFO: [SCHED 204-11] Finished scheduling.
INFO: [HLS 200-111]  Elapsed time: 9.274 seconds; current allocated memory: 74.735 MB.
INFO: [BIND 205-100] Starting micro-architecture generation ...
INFO: [BIND 205-101] Performing variable lifetime analysis.
INFO: [BIND 205-101] Exploring resource sharing.
INFO: [BIND 205-101] Binding ...
INFO: [BIND 205-100] Finished micro-architecture generation.
INFO: [HLS 200-111]  Elapsed time: 0.071 seconds; current allocated memory: 74.985 MB.
INFO: [HLS 200-10] ----------------------------------------------------------------
INFO: [HLS 200-10] -- Generating RTL for module 'conv2d'
INFO: [HLS 200-10] ----------------------------------------------------------------
INFO: [RTGEN 206-500] Setting interface mode on port 'conv2d/a' to 'ap_memory'.
INFO: [RTGEN 206-500] Setting interface mode on port 'conv2d/b' to 'ap_memory'.
INFO: [RTGEN 206-500] Setting interface mode on port 'conv2d/res' to 'ap_memory'.
INFO: [RTGEN 206-500] Setting interface mode on function 'conv2d' to 'ap_ctrl_hs'.
INFO: [SYN 201-210] Renamed object name 'conv2d_mac_muladd_8s_8s_16ns_16_1_1' to 'conv2d_mac_muladdbkb' due to the length limit 20
INFO: [RTGEN 206-100] Generating core module 'conv2d_mac_muladdbkb': 1 instance(s).
INFO: [RTGEN 206-100] Finished creating RTL model for 'conv2d'.
INFO: [HLS 200-111]  Elapsed time: 0.154 seconds; current allocated memory: 75.401 MB.
INFO: [HLS 200-111] Finished generating all RTL models Time (s): cpu = 00:00:01 ; elapsed = 00:00:11 . Memory (MB): peak = 124.266 ; gain = 67.250
INFO: [SYSC 207-301] Generating SystemC RTL for conv2d.
INFO: [VHDL 208-304] Generating VHDL RTL for conv2d.
INFO: [VLOG 209-307] Generating Verilog RTL for conv2d.
INFO: [HLS 200-112] Total elapsed time: 10.631 seconds; peak allocated memory: 75.401 MB.
